2025-10-07T05:13:40.502419Z  INFO tailwindcss_oxide::scanner: Provided sources:
2025-10-07T05:13:40.503019Z  INFO tailwindcss_oxide::scanner: Source: PublicSourceEntry { base: "C:\\Users\\anand\\Documents\\NEXTIN VISION\\Bloocube\\Bloocube-frontend", pattern: "**/*", negated: false }
2025-10-07T05:13:40.503205Z  INFO tailwindcss_oxide::scanner: Optimized sources:
2025-10-07T05:13:40.503218Z  INFO tailwindcss_oxide::scanner: Source: Auto { base: "C:\\Users\\anand\\Documents\\NEXTIN VISION\\Bloocube\\Bloocube-frontend" }
2025-10-07T05:13:40.505116Z  INFO scan_sources: tailwindcss_oxide::scanner: enter
2025-10-07T05:13:40.506171Z  INFO scan_sources: tailwindcss_oxide::scanner: Discovering "C:\\Users\\anand\\Documents\\NEXTIN VISION\\Bloocube\\Bloocube-frontend\\.build"
2025-10-07T05:13:40.506220Z  INFO scan_sources: tailwindcss_oxide::scanner: Discovering "C:\\Users\\anand\\Documents\\NEXTIN VISION\\Bloocube\\Bloocube-frontend\\.dockerignore"
2025-10-07T05:13:40.506457Z  INFO scan_sources: tailwindcss_oxide::scanner: Discovering "C:\\Users\\anand\\Documents\\NEXTIN VISION\\Bloocube\\Bloocube-frontend\\cloudbuild.yaml"
2025-10-07T05:13:40.506498Z  INFO scan_sources: tailwindcss_oxide::scanner: Discovering "C:\\Users\\anand\\Documents\\NEXTIN VISION\\Bloocube\\Bloocube-frontend\\cloudrun.yaml"
2025-10-07T05:13:40.506535Z  INFO scan_sources: tailwindcss_oxide::scanner: Discovering "C:\\Users\\anand\\Documents\\NEXTIN VISION\\Bloocube\\Bloocube-frontend\\deploy.sh"
2025-10-07T05:13:40.506568Z  INFO scan_sources: tailwindcss_oxide::scanner: Discovering "C:\\Users\\anand\\Documents\\NEXTIN VISION\\Bloocube\\Bloocube-frontend\\Dockerfile"
2025-10-07T05:13:40.506603Z  INFO scan_sources: tailwindcss_oxide::scanner: Discovering "C:\\Users\\anand\\Documents\\NEXTIN VISION\\Bloocube\\Bloocube-frontend\\eslint.config.mjs"
2025-10-07T05:13:40.506642Z  INFO scan_sources: tailwindcss_oxide::scanner: Discovering "C:\\Users\\anand\\Documents\\NEXTIN VISION\\Bloocube\\Bloocube-frontend\\next.config.ts"
2025-10-07T05:13:40.506675Z  INFO scan_sources: tailwindcss_oxide::scanner: Discovering "C:\\Users\\anand\\Documents\\NEXTIN VISION\\Bloocube\\Bloocube-frontend\\nginx.conf"
2025-10-07T05:13:40.506801Z  INFO scan_sources: tailwindcss_oxide::scanner: Discovering "C:\\Users\\anand\\Documents\\NEXTIN VISION\\Bloocube\\Bloocube-frontend\\package.json"
2025-10-07T05:13:40.506834Z  INFO scan_sources: tailwindcss_oxide::scanner: Discovering "C:\\Users\\anand\\Documents\\NEXTIN VISION\\Bloocube\\Bloocube-frontend\\postcss.config.mjs"
2025-10-07T05:13:40.506890Z  INFO scan_sources: tailwindcss_oxide::scanner: Discovering "C:\\Users\\anand\\Documents\\NEXTIN VISION\\Bloocube\\Bloocube-frontend\\public"
2025-10-07T05:13:40.506963Z  INFO scan_sources: tailwindcss_oxide::scanner: Discovering "C:\\Users\\anand\\Documents\\NEXTIN VISION\\Bloocube\\Bloocube-frontend\\public\\file.svg"
2025-10-07T05:13:40.507012Z  INFO scan_sources: tailwindcss_oxide::scanner: Discovering "C:\\Users\\anand\\Documents\\NEXTIN VISION\\Bloocube\\Bloocube-frontend\\public\\globe.svg"
2025-10-07T05:13:40.507049Z  INFO scan_sources: tailwindcss_oxide::scanner: Discovering "C:\\Users\\anand\\Documents\\NEXTIN VISION\\Bloocube\\Bloocube-frontend\\public\\next.svg"
2025-10-07T05:13:40.507084Z  INFO scan_sources: tailwindcss_oxide::scanner: Discovering "C:\\Users\\anand\\Documents\\NEXTIN VISION\\Bloocube\\Bloocube-frontend\\public\\vercel.svg"
2025-10-07T05:13:40.507122Z  INFO scan_sources: tailwindcss_oxide::scanner: Discovering "C:\\Users\\anand\\Documents\\NEXTIN VISION\\Bloocube\\Bloocube-frontend\\public\\window.svg"
2025-10-07T05:13:40.507173Z  INFO scan_sources: tailwindcss_oxide::scanner: Discovering "C:\\Users\\anand\\Documents\\NEXTIN VISION\\Bloocube\\Bloocube-frontend\\README.md"
2025-10-07T05:13:40.507230Z  INFO scan_sources: tailwindcss_oxide::scanner: Discovering "C:\\Users\\anand\\Documents\\NEXTIN VISION\\Bloocube\\Bloocube-frontend\\src"
2025-10-07T05:13:40.507320Z  INFO scan_sources: tailwindcss_oxide::scanner: Discovering "C:\\Users\\anand\\Documents\\NEXTIN VISION\\Bloocube\\Bloocube-frontend\\src\\app"
2025-10-07T05:13:40.507440Z  INFO scan_sources: tailwindcss_oxide::scanner: Discovering "C:\\Users\\anand\\Documents\\NEXTIN VISION\\Bloocube\\Bloocube-frontend\\src\\app\\(auth)"
2025-10-07T05:13:40.507532Z  INFO scan_sources: tailwindcss_oxide::scanner: Discovering "C:\\Users\\anand\\Documents\\NEXTIN VISION\\Bloocube\\Bloocube-frontend\\src\\app\\(auth)\\forgot-password"
2025-10-07T05:13:40.507600Z  INFO scan_sources: tailwindcss_oxide::scanner: Discovering "C:\\Users\\anand\\Documents\\NEXTIN VISION\\Bloocube\\Bloocube-frontend\\src\\app\\(auth)\\forgot-password\\page.tsx"
2025-10-07T05:13:40.507663Z  INFO scan_sources: tailwindcss_oxide::scanner: Discovering "C:\\Users\\anand\\Documents\\NEXTIN VISION\\Bloocube\\Bloocube-frontend\\src\\app\\(auth)\\layout.tsx"
2025-10-07T05:13:40.507716Z  INFO scan_sources: tailwindcss_oxide::scanner: Discovering "C:\\Users\\anand\\Documents\\NEXTIN VISION\\Bloocube\\Bloocube-frontend\\src\\app\\(auth)\\login"
2025-10-07T05:13:40.507790Z  INFO scan_sources: tailwindcss_oxide::scanner: Discovering "C:\\Users\\anand\\Documents\\NEXTIN VISION\\Bloocube\\Bloocube-frontend\\src\\app\\(auth)\\login\\page.tsx"
2025-10-07T05:13:40.507855Z  INFO scan_sources: tailwindcss_oxide::scanner: Discovering "C:\\Users\\anand\\Documents\\NEXTIN VISION\\Bloocube\\Bloocube-frontend\\src\\app\\(auth)\\signup"
2025-10-07T05:13:40.507918Z  INFO scan_sources: tailwindcss_oxide::scanner: Discovering "C:\\Users\\anand\\Documents\\NEXTIN VISION\\Bloocube\\Bloocube-frontend\\src\\app\\(auth)\\signup\\page.tsx"
2025-10-07T05:13:40.507992Z  INFO scan_sources: tailwindcss_oxide::scanner: Discovering "C:\\Users\\anand\\Documents\\NEXTIN VISION\\Bloocube\\Bloocube-frontend\\src\\app\\(dashboard)"
2025-10-07T05:13:40.508077Z  INFO scan_sources: tailwindcss_oxide::scanner: Discovering "C:\\Users\\anand\\Documents\\NEXTIN VISION\\Bloocube\\Bloocube-frontend\\src\\app\\(dashboard)\\admin"
2025-10-07T05:13:40.508162Z  INFO scan_sources: tailwindcss_oxide::scanner: Discovering "C:\\Users\\anand\\Documents\\NEXTIN VISION\\Bloocube\\Bloocube-frontend\\src\\app\\(dashboard)\\admin\\ai-providers"
2025-10-07T05:13:40.508228Z  INFO scan_sources: tailwindcss_oxide::scanner: Discovering "C:\\Users\\anand\\Documents\\NEXTIN VISION\\Bloocube\\Bloocube-frontend\\src\\app\\(dashboard)\\admin\\ai-providers\\page.tsx"
2025-10-07T05:13:40.508319Z  INFO scan_sources: tailwindcss_oxide::scanner: Discovering "C:\\Users\\anand\\Documents\\NEXTIN VISION\\Bloocube\\Bloocube-frontend\\src\\app\\(dashboard)\\brand"
2025-10-07T05:13:40.508411Z  INFO scan_sources: tailwindcss_oxide::scanner: Discovering "C:\\Users\\anand\\Documents\\NEXTIN VISION\\Bloocube\\Bloocube-frontend\\src\\app\\(dashboard)\\brand\\analytics"
2025-10-07T05:13:40.508476Z  INFO scan_sources: tailwindcss_oxide::scanner: Discovering "C:\\Users\\anand\\Documents\\NEXTIN VISION\\Bloocube\\Bloocube-frontend\\src\\app\\(dashboard)\\brand\\analytics\\page.tsx"
2025-10-07T05:13:40.508540Z  INFO scan_sources: tailwindcss_oxide::scanner: Discovering "C:\\Users\\anand\\Documents\\NEXTIN VISION\\Bloocube\\Bloocube-frontend\\src\\app\\(dashboard)\\brand\\bids"
2025-10-07T05:13:40.508603Z  INFO scan_sources: tailwindcss_oxide::scanner: Discovering "C:\\Users\\anand\\Documents\\NEXTIN VISION\\Bloocube\\Bloocube-frontend\\src\\app\\(dashboard)\\brand\\bids\\page.tsx"
2025-10-07T05:13:40.508666Z  INFO scan_sources: tailwindcss_oxide::scanner: Discovering "C:\\Users\\anand\\Documents\\NEXTIN VISION\\Bloocube\\Bloocube-frontend\\src\\app\\(dashboard)\\brand\\campaigns"
2025-10-07T05:13:40.508728Z  INFO scan_sources: tailwindcss_oxide::scanner: Discovering "C:\\Users\\anand\\Documents\\NEXTIN VISION\\Bloocube\\Bloocube-frontend\\src\\app\\(dashboard)\\brand\\campaigns\\page.tsx"
2025-10-07T05:13:40.508812Z  INFO scan_sources: tailwindcss_oxide::scanner: Discovering "C:\\Users\\anand\\Documents\\NEXTIN VISION\\Bloocube\\Bloocube-frontend\\src\\app\\(dashboard)\\brand\\creator-profile"
2025-10-07T05:13:40.508914Z  INFO scan_sources: tailwindcss_oxide::scanner: Discovering "C:\\Users\\anand\\Documents\\NEXTIN VISION\\Bloocube\\Bloocube-frontend\\src\\app\\(dashboard)\\brand\\creator-profile\\[id]"
2025-10-07T05:13:40.509014Z  INFO scan_sources: tailwindcss_oxide::scanner: Discovering "C:\\Users\\anand\\Documents\\NEXTIN VISION\\Bloocube\\Bloocube-frontend\\src\\app\\(dashboard)\\brand\\creator-profile\\[id]\\page.tsx"
2025-10-07T05:13:40.509082Z  INFO scan_sources: tailwindcss_oxide::scanner: Discovering "C:\\Users\\anand\\Documents\\NEXTIN VISION\\Bloocube\\Bloocube-frontend\\src\\app\\(dashboard)\\brand\\layout.tsx"
2025-10-07T05:13:40.509143Z  INFO scan_sources: tailwindcss_oxide::scanner: Discovering "C:\\Users\\anand\\Documents\\NEXTIN VISION\\Bloocube\\Bloocube-frontend\\src\\app\\(dashboard)\\brand\\marketplace"
2025-10-07T05:13:40.509208Z  INFO scan_sources: tailwindcss_oxide::scanner: Discovering "C:\\Users\\anand\\Documents\\NEXTIN VISION\\Bloocube\\Bloocube-frontend\\src\\app\\(dashboard)\\brand\\marketplace\\page.tsx"
2025-10-07T05:13:40.509273Z  INFO scan_sources: tailwindcss_oxide::scanner: Discovering "C:\\Users\\anand\\Documents\\NEXTIN VISION\\Bloocube\\Bloocube-frontend\\src\\app\\(dashboard)\\brand\\notifications"
2025-10-07T05:13:40.509339Z  INFO scan_sources: tailwindcss_oxide::scanner: Discovering "C:\\Users\\anand\\Documents\\NEXTIN VISION\\Bloocube\\Bloocube-frontend\\src\\app\\(dashboard)\\brand\\notifications\\page.tsx"
2025-10-07T05:13:40.509383Z  INFO scan_sources: tailwindcss_oxide::scanner: Discovering "C:\\Users\\anand\\Documents\\NEXTIN VISION\\Bloocube\\Bloocube-frontend\\src\\app\\(dashboard)\\brand\\page.tsx"
2025-10-07T05:13:40.509435Z  INFO scan_sources: tailwindcss_oxide::scanner: Discovering "C:\\Users\\anand\\Documents\\NEXTIN VISION\\Bloocube\\Bloocube-frontend\\src\\app\\(dashboard)\\brand\\profile"
2025-10-07T05:13:40.509541Z  INFO scan_sources: tailwindcss_oxide::scanner: Discovering "C:\\Users\\anand\\Documents\\NEXTIN VISION\\Bloocube\\Bloocube-frontend\\src\\app\\(dashboard)\\brand\\settings"
2025-10-07T05:13:40.509609Z  INFO scan_sources: tailwindcss_oxide::scanner: Discovering "C:\\Users\\anand\\Documents\\NEXTIN VISION\\Bloocube\\Bloocube-frontend\\src\\app\\(dashboard)\\brand\\settings\\page.tsx"
2025-10-07T05:13:40.509689Z  INFO scan_sources: tailwindcss_oxide::scanner: Discovering "C:\\Users\\anand\\Documents\\NEXTIN VISION\\Bloocube\\Bloocube-frontend\\src\\app\\(dashboard)\\creator"
2025-10-07T05:13:40.509778Z  INFO scan_sources: tailwindcss_oxide::scanner: Discovering "C:\\Users\\anand\\Documents\\NEXTIN VISION\\Bloocube\\Bloocube-frontend\\src\\app\\(dashboard)\\creator\\analytics"
2025-10-07T05:13:40.509842Z  INFO scan_sources: tailwindcss_oxide::scanner: Discovering "C:\\Users\\anand\\Documents\\NEXTIN VISION\\Bloocube\\Bloocube-frontend\\src\\app\\(dashboard)\\creator\\analytics\\page.tsx"
2025-10-07T05:13:40.509905Z  INFO scan_sources: tailwindcss_oxide::scanner: Discovering "C:\\Users\\anand\\Documents\\NEXTIN VISION\\Bloocube\\Bloocube-frontend\\src\\app\\(dashboard)\\creator\\bids"
2025-10-07T05:13:40.509969Z  INFO scan_sources: tailwindcss_oxide::scanner: Discovering "C:\\Users\\anand\\Documents\\NEXTIN VISION\\Bloocube\\Bloocube-frontend\\src\\app\\(dashboard)\\creator\\bids\\page.tsx"
2025-10-07T05:13:40.510032Z  INFO scan_sources: tailwindcss_oxide::scanner: Discovering "C:\\Users\\anand\\Documents\\NEXTIN VISION\\Bloocube\\Bloocube-frontend\\src\\app\\(dashboard)\\creator\\campaigns"
2025-10-07T05:13:40.510116Z  INFO scan_sources: tailwindcss_oxide::scanner: Discovering "C:\\Users\\anand\\Documents\\NEXTIN VISION\\Bloocube\\Bloocube-frontend\\src\\app\\(dashboard)\\creator\\campaigns\\page.tsx"
2025-10-07T05:13:40.510182Z  INFO scan_sources: tailwindcss_oxide::scanner: Discovering "C:\\Users\\anand\\Documents\\NEXTIN VISION\\Bloocube\\Bloocube-frontend\\src\\app\\(dashboard)\\creator\\competitors"
2025-10-07T05:13:40.510274Z  INFO scan_sources: tailwindcss_oxide::scanner: Discovering "C:\\Users\\anand\\Documents\\NEXTIN VISION\\Bloocube\\Bloocube-frontend\\src\\app\\(dashboard)\\creator\\competitors\\analyze"
2025-10-07T05:13:40.510346Z  INFO scan_sources: tailwindcss_oxide::scanner: Discovering "C:\\Users\\anand\\Documents\\NEXTIN VISION\\Bloocube\\Bloocube-frontend\\src\\app\\(dashboard)\\creator\\competitors\\analyze\\page.tsx"
2025-10-07T05:13:40.510391Z  INFO scan_sources: tailwindcss_oxide::scanner: Discovering "C:\\Users\\anand\\Documents\\NEXTIN VISION\\Bloocube\\Bloocube-frontend\\src\\app\\(dashboard)\\creator\\competitors\\page.tsx"
2025-10-07T05:13:40.510456Z  INFO scan_sources: tailwindcss_oxide::scanner: Discovering "C:\\Users\\anand\\Documents\\NEXTIN VISION\\Bloocube\\Bloocube-frontend\\src\\app\\(dashboard)\\creator\\dashboard"
2025-10-07T05:13:40.510519Z  INFO scan_sources: tailwindcss_oxide::scanner: Discovering "C:\\Users\\anand\\Documents\\NEXTIN VISION\\Bloocube\\Bloocube-frontend\\src\\app\\(dashboard)\\creator\\dashboard\\page.tsx"
2025-10-07T05:13:40.510581Z  INFO scan_sources: tailwindcss_oxide::scanner: Discovering "C:\\Users\\anand\\Documents\\NEXTIN VISION\\Bloocube\\Bloocube-frontend\\src\\app\\(dashboard)\\creator\\marketplace"
2025-10-07T05:13:40.510642Z  INFO scan_sources: tailwindcss_oxide::scanner: Discovering "C:\\Users\\anand\\Documents\\NEXTIN VISION\\Bloocube\\Bloocube-frontend\\src\\app\\(dashboard)\\creator\\marketplace\\page.tsx"
2025-10-07T05:13:40.510716Z  INFO scan_sources: tailwindcss_oxide::scanner: Discovering "C:\\Users\\anand\\Documents\\NEXTIN VISION\\Bloocube\\Bloocube-frontend\\src\\app\\(dashboard)\\creator\\page.tsx"
2025-10-07T05:13:40.510771Z  INFO scan_sources: tailwindcss_oxide::scanner: Discovering "C:\\Users\\anand\\Documents\\NEXTIN VISION\\Bloocube\\Bloocube-frontend\\src\\app\\(dashboard)\\creator\\posts"
2025-10-07T05:13:40.510842Z  INFO scan_sources: tailwindcss_oxide::scanner: Discovering "C:\\Users\\anand\\Documents\\NEXTIN VISION\\Bloocube\\Bloocube-frontend\\src\\app\\(dashboard)\\creator\\posts\\page.tsx"
2025-10-07T05:13:40.510908Z  INFO scan_sources: tailwindcss_oxide::scanner: Discovering "C:\\Users\\anand\\Documents\\NEXTIN VISION\\Bloocube\\Bloocube-frontend\\src\\app\\(dashboard)\\creator\\profile"
2025-10-07T05:13:40.510999Z  INFO scan_sources: tailwindcss_oxide::scanner: Discovering "C:\\Users\\anand\\Documents\\NEXTIN VISION\\Bloocube\\Bloocube-frontend\\src\\app\\(dashboard)\\creator\\settings"
2025-10-07T05:13:40.511061Z  INFO scan_sources: tailwindcss_oxide::scanner: Discovering "C:\\Users\\anand\\Documents\\NEXTIN VISION\\Bloocube\\Bloocube-frontend\\src\\app\\(dashboard)\\creator\\settings\\page.tsx"
2025-10-07T05:13:40.511152Z  INFO scan_sources: tailwindcss_oxide::scanner: Discovering "C:\\Users\\anand\\Documents\\NEXTIN VISION\\Bloocube\\Bloocube-frontend\\src\\app\\(landing)"
2025-10-07T05:13:40.511237Z  INFO scan_sources: tailwindcss_oxide::scanner: Discovering "C:\\Users\\anand\\Documents\\NEXTIN VISION\\Bloocube\\Bloocube-frontend\\src\\app\\(landing)\\components"
2025-10-07T05:13:40.511302Z  INFO scan_sources: tailwindcss_oxide::scanner: Discovering "C:\\Users\\anand\\Documents\\NEXTIN VISION\\Bloocube\\Bloocube-frontend\\src\\app\\(landing)\\components\\Automation.tsx"
2025-10-07T05:13:40.511415Z  INFO scan_sources: tailwindcss_oxide::scanner: Discovering "C:\\Users\\anand\\Documents\\NEXTIN VISION\\Bloocube\\Bloocube-frontend\\src\\app\\(landing)\\components\\Features.tsx"
2025-10-07T05:13:40.511480Z  INFO scan_sources: tailwindcss_oxide::scanner: Discovering "C:\\Users\\anand\\Documents\\NEXTIN VISION\\Bloocube\\Bloocube-frontend\\src\\app\\(landing)\\components\\Hero.tsx"
2025-10-07T05:13:40.511545Z  INFO scan_sources: tailwindcss_oxide::scanner: Discovering "C:\\Users\\anand\\Documents\\NEXTIN VISION\\Bloocube\\Bloocube-frontend\\src\\app\\(landing)\\components\\Persona.tsx"
2025-10-07T05:13:40.511596Z  INFO scan_sources: tailwindcss_oxide::scanner: Discovering "C:\\Users\\anand\\Documents\\NEXTIN VISION\\Bloocube\\Bloocube-frontend\\src\\app\\(landing)\\components\\Pricing.tsx"
2025-10-07T05:13:40.511634Z  INFO scan_sources: tailwindcss_oxide::scanner: Discovering "C:\\Users\\anand\\Documents\\NEXTIN VISION\\Bloocube\\Bloocube-frontend\\src\\app\\(landing)\\components\\Testimonials.tsx"
2025-10-07T05:13:40.511694Z  INFO scan_sources: tailwindcss_oxide::scanner: Discovering "C:\\Users\\anand\\Documents\\NEXTIN VISION\\Bloocube\\Bloocube-frontend\\src\\app\\(landing)\\components\\Visualization.tsx"
2025-10-07T05:13:40.511752Z  INFO scan_sources: tailwindcss_oxide::scanner: Discovering "C:\\Users\\anand\\Documents\\NEXTIN VISION\\Bloocube\\Bloocube-frontend\\src\\app\\(landing)\\layout.tsx"
2025-10-07T05:13:40.511784Z  INFO scan_sources: tailwindcss_oxide::scanner: Discovering "C:\\Users\\anand\\Documents\\NEXTIN VISION\\Bloocube\\Bloocube-frontend\\src\\app\\(landing)\\page.tsx"
2025-10-07T05:13:40.511859Z  INFO scan_sources: tailwindcss_oxide::scanner: Discovering "C:\\Users\\anand\\Documents\\NEXTIN VISION\\Bloocube\\Bloocube-frontend\\src\\app\\(marketing)"
2025-10-07T05:13:40.511976Z  INFO scan_sources: tailwindcss_oxide::scanner: Discovering "C:\\Users\\anand\\Documents\\NEXTIN VISION\\Bloocube\\Bloocube-frontend\\src\\app\\about"
2025-10-07T05:13:40.512044Z  INFO scan_sources: tailwindcss_oxide::scanner: Discovering "C:\\Users\\anand\\Documents\\NEXTIN VISION\\Bloocube\\Bloocube-frontend\\src\\app\\about\\page.tsx"
2025-10-07T05:13:40.512115Z  INFO scan_sources: tailwindcss_oxide::scanner: Discovering "C:\\Users\\anand\\Documents\\NEXTIN VISION\\Bloocube\\Bloocube-frontend\\src\\app\\api"
2025-10-07T05:13:40.512210Z  INFO scan_sources: tailwindcss_oxide::scanner: Discovering "C:\\Users\\anand\\Documents\\NEXTIN VISION\\Bloocube\\Bloocube-frontend\\src\\app\\api\\analytics"
2025-10-07T05:13:40.512278Z  INFO scan_sources: tailwindcss_oxide::scanner: Discovering "C:\\Users\\anand\\Documents\\NEXTIN VISION\\Bloocube\\Bloocube-frontend\\src\\app\\api\\analytics\\route.ts"
2025-10-07T05:13:40.512341Z  INFO scan_sources: tailwindcss_oxide::scanner: Discovering "C:\\Users\\anand\\Documents\\NEXTIN VISION\\Bloocube\\Bloocube-frontend\\src\\app\\api\\auth"
2025-10-07T05:13:40.512406Z  INFO scan_sources: tailwindcss_oxide::scanner: Discovering "C:\\Users\\anand\\Documents\\NEXTIN VISION\\Bloocube\\Bloocube-frontend\\src\\app\\api\\auth\\route.ts"
2025-10-07T05:13:40.512468Z  INFO scan_sources: tailwindcss_oxide::scanner: Discovering "C:\\Users\\anand\\Documents\\NEXTIN VISION\\Bloocube\\Bloocube-frontend\\src\\app\\api\\campaigns"
2025-10-07T05:13:40.512535Z  INFO scan_sources: tailwindcss_oxide::scanner: Discovering "C:\\Users\\anand\\Documents\\NEXTIN VISION\\Bloocube\\Bloocube-frontend\\src\\app\\api\\campaigns\\route.ts"
2025-10-07T05:13:40.512622Z  INFO scan_sources: tailwindcss_oxide::scanner: Discovering "C:\\Users\\anand\\Documents\\NEXTIN VISION\\Bloocube\\Bloocube-frontend\\src\\app\\api\\linkedin"
2025-10-07T05:13:40.512720Z  INFO scan_sources: tailwindcss_oxide::scanner: Discovering "C:\\Users\\anand\\Documents\\NEXTIN VISION\\Bloocube\\Bloocube-frontend\\src\\app\\api\\linkedin\\auth-url"
2025-10-07T05:13:40.512792Z  INFO scan_sources: tailwindcss_oxide::scanner: Discovering "C:\\Users\\anand\\Documents\\NEXTIN VISION\\Bloocube\\Bloocube-frontend\\src\\app\\api\\linkedin\\auth-url\\route.ts"
2025-10-07T05:13:40.512872Z  INFO scan_sources: tailwindcss_oxide::scanner: Discovering "C:\\Users\\anand\\Documents\\NEXTIN VISION\\Bloocube\\Bloocube-frontend\\src\\app\\api\\linkedin\\callback"
2025-10-07T05:13:40.512939Z  INFO scan_sources: tailwindcss_oxide::scanner: Discovering "C:\\Users\\anand\\Documents\\NEXTIN VISION\\Bloocube\\Bloocube-frontend\\src\\app\\api\\linkedin\\callback\\route.ts"
2025-10-07T05:13:40.513003Z  INFO scan_sources: tailwindcss_oxide::scanner: Discovering "C:\\Users\\anand\\Documents\\NEXTIN VISION\\Bloocube\\Bloocube-frontend\\src\\app\\api\\linkedin\\config"
2025-10-07T05:13:40.513080Z  INFO scan_sources: tailwindcss_oxide::scanner: Discovering "C:\\Users\\anand\\Documents\\NEXTIN VISION\\Bloocube\\Bloocube-frontend\\src\\app\\api\\linkedin\\config\\route.ts"
2025-10-07T05:13:40.513144Z  INFO scan_sources: tailwindcss_oxide::scanner: Discovering "C:\\Users\\anand\\Documents\\NEXTIN VISION\\Bloocube\\Bloocube-frontend\\src\\app\\api\\linkedin\\profile"
2025-10-07T05:13:40.513227Z  INFO scan_sources: tailwindcss_oxide::scanner: Discovering "C:\\Users\\anand\\Documents\\NEXTIN VISION\\Bloocube\\Bloocube-frontend\\src\\app\\api\\linkedin\\profile\\route.ts"
2025-10-07T05:13:40.513319Z  INFO scan_sources: tailwindcss_oxide::scanner: Discovering "C:\\Users\\anand\\Documents\\NEXTIN VISION\\Bloocube\\Bloocube-frontend\\src\\app\\auth"
2025-10-07T05:13:40.513422Z  INFO scan_sources: tailwindcss_oxide::scanner: Discovering "C:\\Users\\anand\\Documents\\NEXTIN VISION\\Bloocube\\Bloocube-frontend\\src\\app\\auth\\google"
2025-10-07T05:13:40.513507Z  INFO scan_sources: tailwindcss_oxide::scanner: Discovering "C:\\Users\\anand\\Documents\\NEXTIN VISION\\Bloocube\\Bloocube-frontend\\src\\app\\auth\\google\\callback"
2025-10-07T05:13:40.513574Z  INFO scan_sources: tailwindcss_oxide::scanner: Discovering "C:\\Users\\anand\\Documents\\NEXTIN VISION\\Bloocube\\Bloocube-frontend\\src\\app\\auth\\google\\callback\\page.tsx"
2025-10-07T05:13:40.513648Z  INFO scan_sources: tailwindcss_oxide::scanner: Discovering "C:\\Users\\anand\\Documents\\NEXTIN VISION\\Bloocube\\Bloocube-frontend\\src\\app\\auth\\linkedin"
2025-10-07T05:13:40.513729Z  INFO scan_sources: tailwindcss_oxide::scanner: Discovering "C:\\Users\\anand\\Documents\\NEXTIN VISION\\Bloocube\\Bloocube-frontend\\src\\app\\auth\\linkedin\\callback"
2025-10-07T05:13:40.513796Z  INFO scan_sources: tailwindcss_oxide::scanner: Discovering "C:\\Users\\anand\\Documents\\NEXTIN VISION\\Bloocube\\Bloocube-frontend\\src\\app\\auth\\linkedin\\callback\\page.tsx"
2025-10-07T05:13:40.513872Z  INFO scan_sources: tailwindcss_oxide::scanner: Discovering "C:\\Users\\anand\\Documents\\NEXTIN VISION\\Bloocube\\Bloocube-frontend\\src\\app\\auth\\twitter"
2025-10-07T05:13:40.513955Z  INFO scan_sources: tailwindcss_oxide::scanner: Discovering "C:\\Users\\anand\\Documents\\NEXTIN VISION\\Bloocube\\Bloocube-frontend\\src\\app\\auth\\twitter\\callback"
2025-10-07T05:13:40.514024Z  INFO scan_sources: tailwindcss_oxide::scanner: Discovering "C:\\Users\\anand\\Documents\\NEXTIN VISION\\Bloocube\\Bloocube-frontend\\src\\app\\auth\\twitter\\callback\\page.tsx"
2025-10-07T05:13:40.514106Z  INFO scan_sources: tailwindcss_oxide::scanner: Discovering "C:\\Users\\anand\\Documents\\NEXTIN VISION\\Bloocube\\Bloocube-frontend\\src\\app\\auth\\youtube"
2025-10-07T05:13:40.514206Z  INFO scan_sources: tailwindcss_oxide::scanner: Discovering "C:\\Users\\anand\\Documents\\NEXTIN VISION\\Bloocube\\Bloocube-frontend\\src\\app\\auth\\youtube\\callback"
2025-10-07T05:13:40.514287Z  INFO scan_sources: tailwindcss_oxide::scanner: Discovering "C:\\Users\\anand\\Documents\\NEXTIN VISION\\Bloocube\\Bloocube-frontend\\src\\app\\auth\\youtube\\callback\\page.tsx"
2025-10-07T05:13:40.514372Z  INFO scan_sources: tailwindcss_oxide::scanner: Discovering "C:\\Users\\anand\\Documents\\NEXTIN VISION\\Bloocube\\Bloocube-frontend\\src\\app\\globals.css"
2025-10-07T05:13:40.514410Z  INFO scan_sources: tailwindcss_oxide::scanner: Discovering "C:\\Users\\anand\\Documents\\NEXTIN VISION\\Bloocube\\Bloocube-frontend\\src\\app\\icon.tsx"
2025-10-07T05:13:40.514446Z  INFO scan_sources: tailwindcss_oxide::scanner: Discovering "C:\\Users\\anand\\Documents\\NEXTIN VISION\\Bloocube\\Bloocube-frontend\\src\\app\\layout.tsx"
2025-10-07T05:13:40.514507Z  INFO scan_sources: tailwindcss_oxide::scanner: Discovering "C:\\Users\\anand\\Documents\\NEXTIN VISION\\Bloocube\\Bloocube-frontend\\src\\app\\privacy"
2025-10-07T05:13:40.514584Z  INFO scan_sources: tailwindcss_oxide::scanner: Discovering "C:\\Users\\anand\\Documents\\NEXTIN VISION\\Bloocube\\Bloocube-frontend\\src\\app\\privacy\\page.tsx"
2025-10-07T05:13:40.514698Z  INFO scan_sources: tailwindcss_oxide::scanner: Discovering "C:\\Users\\anand\\Documents\\NEXTIN VISION\\Bloocube\\Bloocube-frontend\\src\\app\\reset-password"
2025-10-07T05:13:40.514832Z  INFO scan_sources: tailwindcss_oxide::scanner: Discovering "C:\\Users\\anand\\Documents\\NEXTIN VISION\\Bloocube\\Bloocube-frontend\\src\\app\\reset-password\\[token]"
2025-10-07T05:13:40.514941Z  INFO scan_sources: tailwindcss_oxide::scanner: Discovering "C:\\Users\\anand\\Documents\\NEXTIN VISION\\Bloocube\\Bloocube-frontend\\src\\app\\reset-password\\[token]\\page.tsx"
2025-10-07T05:13:40.515048Z  INFO scan_sources: tailwindcss_oxide::scanner: Discovering "C:\\Users\\anand\\Documents\\NEXTIN VISION\\Bloocube\\Bloocube-frontend\\src\\app\\terms"
2025-10-07T05:13:40.515118Z  INFO scan_sources: tailwindcss_oxide::scanner: Discovering "C:\\Users\\anand\\Documents\\NEXTIN VISION\\Bloocube\\Bloocube-frontend\\src\\app\\terms\\page.tsx"
2025-10-07T05:13:40.515183Z  INFO scan_sources: tailwindcss_oxide::scanner: Discovering "C:\\Users\\anand\\Documents\\NEXTIN VISION\\Bloocube\\Bloocube-frontend\\src\\app\\test-linkedin"
2025-10-07T05:13:40.515266Z  INFO scan_sources: tailwindcss_oxide::scanner: Discovering "C:\\Users\\anand\\Documents\\NEXTIN VISION\\Bloocube\\Bloocube-frontend\\src\\app\\test-linkedin\\page.tsx"
2025-10-07T05:13:40.515348Z  INFO scan_sources: tailwindcss_oxide::scanner: Discovering "C:\\Users\\anand\\Documents\\NEXTIN VISION\\Bloocube\\Bloocube-frontend\\src\\Components"
2025-10-07T05:13:40.515438Z  INFO scan_sources: tailwindcss_oxide::scanner: Discovering "C:\\Users\\anand\\Documents\\NEXTIN VISION\\Bloocube\\Bloocube-frontend\\src\\Components\\Creater"
2025-10-07T05:13:40.515508Z  INFO scan_sources: tailwindcss_oxide::scanner: Discovering "C:\\Users\\anand\\Documents\\NEXTIN VISION\\Bloocube\\Bloocube-frontend\\src\\Components\\Creater\\CreatorLayout.tsx"
2025-10-07T05:13:40.515542Z  INFO scan_sources: tailwindcss_oxide::scanner: Discovering "C:\\Users\\anand\\Documents\\NEXTIN VISION\\Bloocube\\Bloocube-frontend\\src\\Components\\Creater\\Sidebar.tsx"
2025-10-07T05:13:40.515610Z  INFO scan_sources: tailwindcss_oxide::scanner: Discovering "C:\\Users\\anand\\Documents\\NEXTIN VISION\\Bloocube\\Bloocube-frontend\\src\\Components\\layout"
2025-10-07T05:13:40.515676Z  INFO scan_sources: tailwindcss_oxide::scanner: Discovering "C:\\Users\\anand\\Documents\\NEXTIN VISION\\Bloocube\\Bloocube-frontend\\src\\Components\\layout\\Footer.tsx"
2025-10-07T05:13:40.515712Z  INFO scan_sources: tailwindcss_oxide::scanner: Discovering "C:\\Users\\anand\\Documents\\NEXTIN VISION\\Bloocube\\Bloocube-frontend\\src\\Components\\layout\\Navbar.tsx"
2025-10-07T05:13:40.515763Z  INFO scan_sources: tailwindcss_oxide::scanner: Discovering "C:\\Users\\anand\\Documents\\NEXTIN VISION\\Bloocube\\Bloocube-frontend\\src\\Components\\LazyComponents.tsx"
2025-10-07T05:13:40.515829Z  INFO scan_sources: tailwindcss_oxide::scanner: Discovering "C:\\Users\\anand\\Documents\\NEXTIN VISION\\Bloocube\\Bloocube-frontend\\src\\Components\\LinkedIn"
2025-10-07T05:13:40.515900Z  INFO scan_sources: tailwindcss_oxide::scanner: Discovering "C:\\Users\\anand\\Documents\\NEXTIN VISION\\Bloocube\\Bloocube-frontend\\src\\Components\\LinkedIn\\LinkedInIntegration.tsx"
2025-10-07T05:13:40.515950Z  INFO scan_sources: tailwindcss_oxide::scanner: Discovering "C:\\Users\\anand\\Documents\\NEXTIN VISION\\Bloocube\\Bloocube-frontend\\src\\Components\\Logout.tsx"
2025-10-07T05:13:40.515985Z  INFO scan_sources: tailwindcss_oxide::scanner: Discovering "C:\\Users\\anand\\Documents\\NEXTIN VISION\\Bloocube\\Bloocube-frontend\\src\\Components\\PerformanceDebugger.tsx"
2025-10-07T05:13:40.516038Z  INFO scan_sources: tailwindcss_oxide::scanner: Discovering "C:\\Users\\anand\\Documents\\NEXTIN VISION\\Bloocube\\Bloocube-frontend\\src\\Components\\Twitter"
2025-10-07T05:13:40.516106Z  INFO scan_sources: tailwindcss_oxide::scanner: Discovering "C:\\Users\\anand\\Documents\\NEXTIN VISION\\Bloocube\\Bloocube-frontend\\src\\Components\\Twitter\\TwitterIntegration.tsx"
2025-10-07T05:13:40.516142Z  INFO scan_sources: tailwindcss_oxide::scanner: Discovering "C:\\Users\\anand\\Documents\\NEXTIN VISION\\Bloocube\\Bloocube-frontend\\src\\Components\\Twitter\\TwitterPost.tsx"
2025-10-07T05:13:40.516222Z  INFO scan_sources: tailwindcss_oxide::scanner: Discovering "C:\\Users\\anand\\Documents\\NEXTIN VISION\\Bloocube\\Bloocube-frontend\\src\\Components\\ui"
2025-10-07T05:13:40.516298Z  INFO scan_sources: tailwindcss_oxide::scanner: Discovering "C:\\Users\\anand\\Documents\\NEXTIN VISION\\Bloocube\\Bloocube-frontend\\src\\Components\\ui\\Button.tsx"
2025-10-07T05:13:40.516337Z  INFO scan_sources: tailwindcss_oxide::scanner: Discovering "C:\\Users\\anand\\Documents\\NEXTIN VISION\\Bloocube\\Bloocube-frontend\\src\\Components\\ui\\RouteProgress.tsx"
2025-10-07T05:13:40.516374Z  INFO scan_sources: tailwindcss_oxide::scanner: Discovering "C:\\Users\\anand\\Documents\\NEXTIN VISION\\Bloocube\\Bloocube-frontend\\src\\Components\\ui\\TopProgressBar.tsx"
2025-10-07T05:13:40.516445Z  INFO scan_sources: tailwindcss_oxide::scanner: Discovering "C:\\Users\\anand\\Documents\\NEXTIN VISION\\Bloocube\\Bloocube-frontend\\src\\Components\\YouTube"
2025-10-07T05:13:40.516515Z  INFO scan_sources: tailwindcss_oxide::scanner: Discovering "C:\\Users\\anand\\Documents\\NEXTIN VISION\\Bloocube\\Bloocube-frontend\\src\\Components\\YouTube\\YouTubeIntegration.tsx"
2025-10-07T05:13:40.516605Z  INFO scan_sources: tailwindcss_oxide::scanner: Discovering "C:\\Users\\anand\\Documents\\NEXTIN VISION\\Bloocube\\Bloocube-frontend\\src\\hooks"
2025-10-07T05:13:40.516679Z  INFO scan_sources: tailwindcss_oxide::scanner: Discovering "C:\\Users\\anand\\Documents\\NEXTIN VISION\\Bloocube\\Bloocube-frontend\\src\\hooks\\useApi.ts"
2025-10-07T05:13:40.516715Z  INFO scan_sources: tailwindcss_oxide::scanner: Discovering "C:\\Users\\anand\\Documents\\NEXTIN VISION\\Bloocube\\Bloocube-frontend\\src\\hooks\\useAuth.ts"
2025-10-07T05:13:40.516750Z  INFO scan_sources: tailwindcss_oxide::scanner: Discovering "C:\\Users\\anand\\Documents\\NEXTIN VISION\\Bloocube\\Bloocube-frontend\\src\\hooks\\useBids.ts"
2025-10-07T05:13:40.516786Z  INFO scan_sources: tailwindcss_oxide::scanner: Discovering "C:\\Users\\anand\\Documents\\NEXTIN VISION\\Bloocube\\Bloocube-frontend\\src\\hooks\\useCampaigns.ts"
2025-10-07T05:13:40.516821Z  INFO scan_sources: tailwindcss_oxide::scanner: Discovering "C:\\Users\\anand\\Documents\\NEXTIN VISION\\Bloocube\\Bloocube-frontend\\src\\hooks\\useLinkedIn.ts"
2025-10-07T05:13:40.516950Z  INFO scan_sources: tailwindcss_oxide::scanner: Discovering "C:\\Users\\anand\\Documents\\NEXTIN VISION\\Bloocube\\Bloocube-frontend\\src\\hooks\\useTheme.ts"
2025-10-07T05:13:40.516993Z  INFO scan_sources: tailwindcss_oxide::scanner: Discovering "C:\\Users\\anand\\Documents\\NEXTIN VISION\\Bloocube\\Bloocube-frontend\\src\\hooks\\useTwitter.ts"
2025-10-07T05:13:40.517028Z  INFO scan_sources: tailwindcss_oxide::scanner: Discovering "C:\\Users\\anand\\Documents\\NEXTIN VISION\\Bloocube\\Bloocube-frontend\\src\\hooks\\useYouTube.ts"
2025-10-07T05:13:40.517113Z  INFO scan_sources: tailwindcss_oxide::scanner: Discovering "C:\\Users\\anand\\Documents\\NEXTIN VISION\\Bloocube\\Bloocube-frontend\\src\\lib"
2025-10-07T05:13:40.517270Z  INFO scan_sources: tailwindcss_oxide::scanner: Discovering "C:\\Users\\anand\\Documents\\NEXTIN VISION\\Bloocube\\Bloocube-frontend\\src\\lib\\api.ts"
2025-10-07T05:13:40.517308Z  INFO scan_sources: tailwindcss_oxide::scanner: Discovering "C:\\Users\\anand\\Documents\\NEXTIN VISION\\Bloocube\\Bloocube-frontend\\src\\lib\\apiClient.ts"
2025-10-07T05:13:40.517343Z  INFO scan_sources: tailwindcss_oxide::scanner: Discovering "C:\\Users\\anand\\Documents\\NEXTIN VISION\\Bloocube\\Bloocube-frontend\\src\\lib\\auth.ts"
2025-10-07T05:13:40.517380Z  INFO scan_sources: tailwindcss_oxide::scanner: Discovering "C:\\Users\\anand\\Documents\\NEXTIN VISION\\Bloocube\\Bloocube-frontend\\src\\lib\\campaignService.ts"
2025-10-07T05:13:40.517414Z  INFO scan_sources: tailwindcss_oxide::scanner: Discovering "C:\\Users\\anand\\Documents\\NEXTIN VISION\\Bloocube\\Bloocube-frontend\\src\\lib\\config.ts"
2025-10-07T05:13:40.517488Z  INFO scan_sources: tailwindcss_oxide::scanner: Discovering "C:\\Users\\anand\\Documents\\NEXTIN VISION\\Bloocube\\Bloocube-frontend\\src\\lib\\constants.ts"
2025-10-07T05:13:40.517569Z  INFO scan_sources: tailwindcss_oxide::scanner: Discovering "C:\\Users\\anand\\Documents\\NEXTIN VISION\\Bloocube\\Bloocube-frontend\\src\\lib\\linkedin.ts"
2025-10-07T05:13:40.517653Z  INFO scan_sources: tailwindcss_oxide::scanner: Discovering "C:\\Users\\anand\\Documents\\NEXTIN VISION\\Bloocube\\Bloocube-frontend\\src\\lib\\loading.ts"
2025-10-07T05:13:40.517751Z  INFO scan_sources: tailwindcss_oxide::scanner: Discovering "C:\\Users\\anand\\Documents\\NEXTIN VISION\\Bloocube\\Bloocube-frontend\\src\\lib\\performance.ts"
2025-10-07T05:13:40.517789Z  INFO scan_sources: tailwindcss_oxide::scanner: Discovering "C:\\Users\\anand\\Documents\\NEXTIN VISION\\Bloocube\\Bloocube-frontend\\src\\lib\\twitter.ts"
2025-10-07T05:13:40.517823Z  INFO scan_sources: tailwindcss_oxide::scanner: Discovering "C:\\Users\\anand\\Documents\\NEXTIN VISION\\Bloocube\\Bloocube-frontend\\src\\lib\\userService.ts"
2025-10-07T05:13:40.517858Z  INFO scan_sources: tailwindcss_oxide::scanner: Discovering "C:\\Users\\anand\\Documents\\NEXTIN VISION\\Bloocube\\Bloocube-frontend\\src\\lib\\utils.ts"
2025-10-07T05:13:40.517892Z  INFO scan_sources: tailwindcss_oxide::scanner: Discovering "C:\\Users\\anand\\Documents\\NEXTIN VISION\\Bloocube\\Bloocube-frontend\\src\\lib\\youtube.ts"
2025-10-07T05:13:40.517993Z  INFO scan_sources: tailwindcss_oxide::scanner: Discovering "C:\\Users\\anand\\Documents\\NEXTIN VISION\\Bloocube\\Bloocube-frontend\\src\\store"
2025-10-07T05:13:40.518077Z  INFO scan_sources: tailwindcss_oxide::scanner: Discovering "C:\\Users\\anand\\Documents\\NEXTIN VISION\\Bloocube\\Bloocube-frontend\\src\\store\\authStore.ts"
2025-10-07T05:13:40.518112Z  INFO scan_sources: tailwindcss_oxide::scanner: Discovering "C:\\Users\\anand\\Documents\\NEXTIN VISION\\Bloocube\\Bloocube-frontend\\src\\store\\campaignStore.ts"
2025-10-07T05:13:40.518146Z  INFO scan_sources: tailwindcss_oxide::scanner: Discovering "C:\\Users\\anand\\Documents\\NEXTIN VISION\\Bloocube\\Bloocube-frontend\\src\\store\\uiStore.ts"
2025-10-07T05:13:40.518219Z  INFO scan_sources: tailwindcss_oxide::scanner: Discovering "C:\\Users\\anand\\Documents\\NEXTIN VISION\\Bloocube\\Bloocube-frontend\\src\\types"
2025-10-07T05:13:40.518292Z  INFO scan_sources: tailwindcss_oxide::scanner: Discovering "C:\\Users\\anand\\Documents\\NEXTIN VISION\\Bloocube\\Bloocube-frontend\\src\\types\\analytics.ts"
2025-10-07T05:13:40.518328Z  INFO scan_sources: tailwindcss_oxide::scanner: Discovering "C:\\Users\\anand\\Documents\\NEXTIN VISION\\Bloocube\\Bloocube-frontend\\src\\types\\auth.ts"
2025-10-07T05:13:40.518370Z  INFO scan_sources: tailwindcss_oxide::scanner: Discovering "C:\\Users\\anand\\Documents\\NEXTIN VISION\\Bloocube\\Bloocube-frontend\\src\\types\\bid.ts"
2025-10-07T05:13:40.518405Z  INFO scan_sources: tailwindcss_oxide::scanner: Discovering "C:\\Users\\anand\\Documents\\NEXTIN VISION\\Bloocube\\Bloocube-frontend\\src\\types\\brand.ts"
2025-10-07T05:13:40.518440Z  INFO scan_sources: tailwindcss_oxide::scanner: Discovering "C:\\Users\\anand\\Documents\\NEXTIN VISION\\Bloocube\\Bloocube-frontend\\src\\types\\campaign.ts"
2025-10-07T05:13:40.518494Z  INFO scan_sources: tailwindcss_oxide::scanner: Discovering "C:\\Users\\anand\\Documents\\NEXTIN VISION\\Bloocube\\Bloocube-frontend\\src\\types\\user.ts"
2025-10-07T05:13:40.518715Z  INFO scan_sources: tailwindcss_oxide::scanner: Discovering "C:\\Users\\anand\\Documents\\NEXTIN VISION\\Bloocube\\Bloocube-frontend\\tsconfig.json"
2025-10-07T05:13:40.518903Z  INFO scan_sources: tailwindcss_oxide::scanner: exit
2025-10-07T05:13:40.518914Z  INFO extract_candidates: tailwindcss_oxide::scanner: enter
2025-10-07T05:13:40.518921Z  INFO extract_candidates:read_all_files: tailwindcss_oxide::scanner: enter
2025-10-07T05:13:40.518924Z  INFO extract_candidates:read_all_files: tailwindcss_oxide::scanner: Reading 113 file(s)
2025-10-07T05:13:40.519392Z  INFO tailwindcss_oxide::scanner: Reading "C:\\Users\\anand\\Documents\\NEXTIN VISION\\Bloocube\\Bloocube-frontend\\src\\app\\api\\linkedin\\config\\route.ts"
2025-10-07T05:13:40.519412Z  INFO tailwindcss_oxide::scanner: Reading "C:\\Users\\anand\\Documents\\NEXTIN VISION\\Bloocube\\Bloocube-frontend\\.build"
2025-10-07T05:13:40.519455Z  INFO tailwindcss_oxide::scanner: Reading "C:\\Users\\anand\\Documents\\NEXTIN VISION\\Bloocube\\Bloocube-frontend\\src\\app\\api\\linkedin\\profile\\route.ts"
2025-10-07T05:13:40.519456Z  INFO tailwindcss_oxide::scanner: Reading "C:\\Users\\anand\\Documents\\NEXTIN VISION\\Bloocube\\Bloocube-frontend\\src\\app\\(dashboard)\\brand\\notifications\\page.tsx"
2025-10-07T05:13:40.519510Z  INFO tailwindcss_oxide::scanner: Reading "C:\\Users\\anand\\Documents\\NEXTIN VISION\\Bloocube\\Bloocube-frontend\\src\\app\\auth\\google\\callback\\page.tsx"
2025-10-07T05:13:40.519511Z  INFO tailwindcss_oxide::scanner: Reading "C:\\Users\\anand\\Documents\\NEXTIN VISION\\Bloocube\\Bloocube-frontend\\.dockerignore"
2025-10-07T05:13:40.519553Z  INFO tailwindcss_oxide::scanner: Reading "C:\\Users\\anand\\Documents\\NEXTIN VISION\\Bloocube\\Bloocube-frontend\\src\\app\\auth\\linkedin\\callback\\page.tsx"
2025-10-07T05:13:40.519549Z  INFO tailwindcss_oxide::scanner: Reading "C:\\Users\\anand\\Documents\\NEXTIN VISION\\Bloocube\\Bloocube-frontend\\public\\vercel.svg"
2025-10-07T05:13:40.519580Z  INFO tailwindcss_oxide::scanner: Reading "C:\\Users\\anand\\Documents\\NEXTIN VISION\\Bloocube\\Bloocube-frontend\\src\\app\\(dashboard)\\brand\\page.tsx"
2025-10-07T05:13:40.519597Z  INFO tailwindcss_oxide::scanner: Reading "C:\\Users\\anand\\Documents\\NEXTIN VISION\\Bloocube\\Bloocube-frontend\\src\\app\\auth\\twitter\\callback\\page.tsx"
2025-10-07T05:13:40.519603Z  INFO tailwindcss_oxide::scanner: Reading "C:\\Users\\anand\\Documents\\NEXTIN VISION\\Bloocube\\Bloocube-frontend\\cloudbuild.yaml"
2025-10-07T05:13:40.519626Z  INFO tailwindcss_oxide::scanner: Reading "C:\\Users\\anand\\Documents\\NEXTIN VISION\\Bloocube\\Bloocube-frontend\\public\\window.svg"
2025-10-07T05:13:40.519646Z  INFO tailwindcss_oxide::scanner: Reading "C:\\Users\\anand\\Documents\\NEXTIN VISION\\Bloocube\\Bloocube-frontend\\src\\app\\auth\\youtube\\callback\\page.tsx"
2025-10-07T05:13:40.519668Z  INFO tailwindcss_oxide::scanner: Reading "C:\\Users\\anand\\Documents\\NEXTIN VISION\\Bloocube\\Bloocube-frontend\\cloudrun.yaml"
2025-10-07T05:13:40.519665Z  INFO tailwindcss_oxide::scanner: Reading "C:\\Users\\anand\\Documents\\NEXTIN VISION\\Bloocube\\Bloocube-frontend\\src\\hooks\\useBids.ts"
2025-10-07T05:13:40.519675Z  INFO tailwindcss_oxide::scanner: Reading "C:\\Users\\anand\\Documents\\NEXTIN VISION\\Bloocube\\Bloocube-frontend\\README.md"
2025-10-07T05:13:40.519680Z  INFO tailwindcss_oxide::scanner: Reading "C:\\Users\\anand\\Documents\\NEXTIN VISION\\Bloocube\\Bloocube-frontend\\src\\app\\(dashboard)\\brand\\settings\\page.tsx"
2025-10-07T05:13:40.519705Z  INFO tailwindcss_oxide::scanner: Reading "C:\\Users\\anand\\Documents\\NEXTIN VISION\\Bloocube\\Bloocube-frontend\\src\\app\\icon.tsx"
2025-10-07T05:13:40.519715Z  INFO tailwindcss_oxide::scanner: Reading "C:\\Users\\anand\\Documents\\NEXTIN VISION\\Bloocube\\Bloocube-frontend\\deploy.sh"
2025-10-07T05:13:40.519744Z  INFO tailwindcss_oxide::scanner: Reading "C:\\Users\\anand\\Documents\\NEXTIN VISION\\Bloocube\\Bloocube-frontend\\src\\app\\(auth)\\forgot-password\\page.tsx"
2025-10-07T05:13:40.519753Z  INFO tailwindcss_oxide::scanner: Reading "C:\\Users\\anand\\Documents\\NEXTIN VISION\\Bloocube\\Bloocube-frontend\\src\\lib\\performance.ts"
2025-10-07T05:13:40.519767Z  INFO tailwindcss_oxide::scanner: Reading "C:\\Users\\anand\\Documents\\NEXTIN VISION\\Bloocube\\Bloocube-frontend\\src\\app\\layout.tsx"
2025-10-07T05:13:40.519774Z  INFO tailwindcss_oxide::scanner: Reading "C:\\Users\\anand\\Documents\\NEXTIN VISION\\Bloocube\\Bloocube-frontend\\src\\hooks\\useCampaigns.ts"
2025-10-07T05:13:40.519787Z  INFO tailwindcss_oxide::scanner: Reading "C:\\Users\\anand\\Documents\\NEXTIN VISION\\Bloocube\\Bloocube-frontend\\src\\app\\(auth)\\layout.tsx"
2025-10-07T05:13:40.519786Z  INFO tailwindcss_oxide::scanner: Reading "C:\\Users\\anand\\Documents\\NEXTIN VISION\\Bloocube\\Bloocube-frontend\\Dockerfile"
2025-10-07T05:13:40.519795Z  INFO tailwindcss_oxide::scanner: Reading "C:\\Users\\anand\\Documents\\NEXTIN VISION\\Bloocube\\Bloocube-frontend\\src\\app\\(dashboard)\\creator\\analytics\\page.tsx"
2025-10-07T05:13:40.519815Z  INFO tailwindcss_oxide::scanner: Reading "C:\\Users\\anand\\Documents\\NEXTIN VISION\\Bloocube\\Bloocube-frontend\\src\\lib\\twitter.ts"
2025-10-07T05:13:40.519815Z  INFO tailwindcss_oxide::scanner: Reading "C:\\Users\\anand\\Documents\\NEXTIN VISION\\Bloocube\\Bloocube-frontend\\src\\Components\\layout\\Footer.tsx"
2025-10-07T05:13:40.519823Z  INFO tailwindcss_oxide::scanner: Reading "C:\\Users\\anand\\Documents\\NEXTIN VISION\\Bloocube\\Bloocube-frontend\\src\\app\\privacy\\page.tsx"
2025-10-07T05:13:40.519836Z  INFO tailwindcss_oxide::scanner: Reading "C:\\Users\\anand\\Documents\\NEXTIN VISION\\Bloocube\\Bloocube-frontend\\src\\app\\(auth)\\login\\page.tsx"
2025-10-07T05:13:40.519841Z  INFO tailwindcss_oxide::scanner: Reading "C:\\Users\\anand\\Documents\\NEXTIN VISION\\Bloocube\\Bloocube-frontend\\src\\hooks\\useLinkedIn.ts"
2025-10-07T05:13:40.519851Z  INFO tailwindcss_oxide::scanner: Reading "C:\\Users\\anand\\Documents\\NEXTIN VISION\\Bloocube\\Bloocube-frontend\\eslint.config.mjs"
2025-10-07T05:13:40.519862Z  INFO tailwindcss_oxide::scanner: Reading "C:\\Users\\anand\\Documents\\NEXTIN VISION\\Bloocube\\Bloocube-frontend\\src\\lib\\userService.ts"
2025-10-07T05:13:40.519884Z  INFO tailwindcss_oxide::scanner: Reading "C:\\Users\\anand\\Documents\\NEXTIN VISION\\Bloocube\\Bloocube-frontend\\src\\Components\\layout\\Navbar.tsx"
2025-10-07T05:13:40.519884Z  INFO tailwindcss_oxide::scanner: Reading "C:\\Users\\anand\\Documents\\NEXTIN VISION\\Bloocube\\Bloocube-frontend\\src\\app\\reset-password\\[token]\\page.tsx"
2025-10-07T05:13:40.519890Z  INFO tailwindcss_oxide::scanner: Reading "C:\\Users\\anand\\Documents\\NEXTIN VISION\\Bloocube\\Bloocube-frontend\\src\\app\\(auth)\\signup\\page.tsx"
2025-10-07T05:13:40.519893Z  INFO tailwindcss_oxide::scanner: Reading "C:\\Users\\anand\\Documents\\NEXTIN VISION\\Bloocube\\Bloocube-frontend\\src\\hooks\\useTheme.ts"
2025-10-07T05:13:40.519921Z  INFO tailwindcss_oxide::scanner: Reading "C:\\Users\\anand\\Documents\\NEXTIN VISION\\Bloocube\\Bloocube-frontend\\src\\lib\\utils.ts"
2025-10-07T05:13:40.519922Z  INFO tailwindcss_oxide::scanner: Reading "C:\\Users\\anand\\Documents\\NEXTIN VISION\\Bloocube\\Bloocube-frontend\\src\\lib\\apiClient.ts"
2025-10-07T05:13:40.519949Z  INFO tailwindcss_oxide::scanner: Reading "C:\\Users\\anand\\Documents\\NEXTIN VISION\\Bloocube\\Bloocube-frontend\\src\\app\\terms\\page.tsx"
2025-10-07T05:13:40.519951Z  INFO tailwindcss_oxide::scanner: Reading "C:\\Users\\anand\\Documents\\NEXTIN VISION\\Bloocube\\Bloocube-frontend\\src\\Components\\LazyComponents.tsx"
2025-10-07T05:13:40.519955Z  INFO tailwindcss_oxide::scanner: Reading "C:\\Users\\anand\\Documents\\NEXTIN VISION\\Bloocube\\Bloocube-frontend\\src\\hooks\\useTwitter.ts"
2025-10-07T05:13:40.519957Z  INFO tailwindcss_oxide::scanner: Reading "C:\\Users\\anand\\Documents\\NEXTIN VISION\\Bloocube\\Bloocube-frontend\\src\\app\\(dashboard)\\admin\\ai-providers\\page.tsx"
2025-10-07T05:13:40.519974Z  INFO tailwindcss_oxide::scanner: Reading "C:\\Users\\anand\\Documents\\NEXTIN VISION\\Bloocube\\Bloocube-frontend\\next.config.ts"
2025-10-07T05:13:40.519982Z  INFO tailwindcss_oxide::scanner: Reading "C:\\Users\\anand\\Documents\\NEXTIN VISION\\Bloocube\\Bloocube-frontend\\src\\app\\(dashboard)\\creator\\bids\\page.tsx"
2025-10-07T05:13:40.520017Z  INFO tailwindcss_oxide::scanner: Reading "C:\\Users\\anand\\Documents\\NEXTIN VISION\\Bloocube\\Bloocube-frontend\\src\\Components\\LinkedIn\\LinkedInIntegration.tsx"
2025-10-07T05:13:40.520020Z  INFO tailwindcss_oxide::scanner: Reading "C:\\Users\\anand\\Documents\\NEXTIN VISION\\Bloocube\\Bloocube-frontend\\src\\app\\(dashboard)\\brand\\analytics\\page.tsx"
2025-10-07T05:13:40.520017Z  INFO tailwindcss_oxide::scanner: Reading "C:\\Users\\anand\\Documents\\NEXTIN VISION\\Bloocube\\Bloocube-frontend\\src\\store\\uiStore.ts"
2025-10-07T05:13:40.520004Z  INFO tailwindcss_oxide::scanner: Reading "C:\\Users\\anand\\Documents\\NEXTIN VISION\\Bloocube\\Bloocube-frontend\\src\\app\\test-linkedin\\page.tsx"
2025-10-07T05:13:40.520011Z  INFO tailwindcss_oxide::scanner: Reading "C:\\Users\\anand\\Documents\\NEXTIN VISION\\Bloocube\\Bloocube-frontend\\src\\hooks\\useYouTube.ts"
2025-10-07T05:13:40.520051Z  INFO tailwindcss_oxide::scanner: Reading "C:\\Users\\anand\\Documents\\NEXTIN VISION\\Bloocube\\Bloocube-frontend\\src\\Components\\Creater\\CreatorLayout.tsx"
2025-10-07T05:13:40.519982Z  INFO tailwindcss_oxide::scanner: Reading "C:\\Users\\anand\\Documents\\NEXTIN VISION\\Bloocube\\Bloocube-frontend\\src\\lib\\youtube.ts"
2025-10-07T05:13:40.520097Z  INFO tailwindcss_oxide::scanner: Reading "C:\\Users\\anand\\Documents\\NEXTIN VISION\\Bloocube\\Bloocube-frontend\\nginx.conf"
2025-10-07T05:13:40.520099Z  INFO tailwindcss_oxide::scanner: Reading "C:\\Users\\anand\\Documents\\NEXTIN VISION\\Bloocube\\Bloocube-frontend\\src\\lib\\api.ts"
2025-10-07T05:13:40.520105Z  INFO tailwindcss_oxide::scanner: Reading "C:\\Users\\anand\\Documents\\NEXTIN VISION\\Bloocube\\Bloocube-frontend\\src\\lib\\auth.ts"
2025-10-07T05:13:40.520104Z  INFO tailwindcss_oxide::scanner: Reading "C:\\Users\\anand\\Documents\\NEXTIN VISION\\Bloocube\\Bloocube-frontend\\src\\app\\(dashboard)\\brand\\bids\\page.tsx"
2025-10-07T05:13:40.520113Z  INFO tailwindcss_oxide::scanner: Reading "C:\\Users\\anand\\Documents\\NEXTIN VISION\\Bloocube\\Bloocube-frontend\\src\\types\\brand.ts"
2025-10-07T05:13:40.520113Z  INFO tailwindcss_oxide::scanner: Reading "C:\\Users\\anand\\Documents\\NEXTIN VISION\\Bloocube\\Bloocube-frontend\\src\\Components\\Logout.tsx"
2025-10-07T05:13:40.520123Z  INFO tailwindcss_oxide::scanner: Reading "C:\\Users\\anand\\Documents\\NEXTIN VISION\\Bloocube\\Bloocube-frontend\\src\\Components\\Creater\\Sidebar.tsx"
2025-10-07T05:13:40.520140Z  INFO tailwindcss_oxide::scanner: Reading "C:\\Users\\anand\\Documents\\NEXTIN VISION\\Bloocube\\Bloocube-frontend\\src\\store\\authStore.ts"
2025-10-07T05:13:40.520145Z  INFO tailwindcss_oxide::scanner: Reading "C:\\Users\\anand\\Documents\\NEXTIN VISION\\Bloocube\\Bloocube-frontend\\src\\types\\analytics.ts"
2025-10-07T05:13:40.520159Z  INFO tailwindcss_oxide::scanner: Reading "C:\\Users\\anand\\Documents\\NEXTIN VISION\\Bloocube\\Bloocube-frontend\\src\\app\\(dashboard)\\creator\\campaigns\\page.tsx"
2025-10-07T05:13:40.520179Z  INFO tailwindcss_oxide::scanner: Reading "C:\\Users\\anand\\Documents\\NEXTIN VISION\\Bloocube\\Bloocube-frontend\\src\\app\\(landing)\\components\\Features.tsx"
2025-10-07T05:13:40.520182Z  INFO tailwindcss_oxide::scanner: Reading "C:\\Users\\anand\\Documents\\NEXTIN VISION\\Bloocube\\Bloocube-frontend\\src\\app\\(dashboard)\\brand\\campaigns\\page.tsx"
2025-10-07T05:13:40.520187Z  INFO tailwindcss_oxide::scanner: Reading "C:\\Users\\anand\\Documents\\NEXTIN VISION\\Bloocube\\Bloocube-frontend\\package.json"
2025-10-07T05:13:40.520190Z  INFO tailwindcss_oxide::scanner: Reading "C:\\Users\\anand\\Documents\\NEXTIN VISION\\Bloocube\\Bloocube-frontend\\src\\Components\\PerformanceDebugger.tsx"
2025-10-07T05:13:40.520191Z  INFO tailwindcss_oxide::scanner: Reading "C:\\Users\\anand\\Documents\\NEXTIN VISION\\Bloocube\\Bloocube-frontend\\src\\app\\(landing)\\page.tsx"
2025-10-07T05:13:40.520207Z  INFO tailwindcss_oxide::scanner: Reading "C:\\Users\\anand\\Documents\\NEXTIN VISION\\Bloocube\\Bloocube-frontend\\src\\types\\campaign.ts"
2025-10-07T05:13:40.520210Z  INFO tailwindcss_oxide::scanner: Reading "C:\\Users\\anand\\Documents\\NEXTIN VISION\\Bloocube\\Bloocube-frontend\\src\\store\\campaignStore.ts"
2025-10-07T05:13:40.520203Z  INFO tailwindcss_oxide::scanner: Reading "C:\\Users\\anand\\Documents\\NEXTIN VISION\\Bloocube\\Bloocube-frontend\\src\\types\\auth.ts"
2025-10-07T05:13:40.520222Z  INFO tailwindcss_oxide::scanner: Reading "C:\\Users\\anand\\Documents\\NEXTIN VISION\\Bloocube\\Bloocube-frontend\\src\\Components\\Twitter\\TwitterPost.tsx"
2025-10-07T05:13:40.520248Z  INFO tailwindcss_oxide::scanner: Reading "C:\\Users\\anand\\Documents\\NEXTIN VISION\\Bloocube\\Bloocube-frontend\\src\\app\\(dashboard)\\brand\\creator-profile\\[id]\\page.tsx"
2025-10-07T05:13:40.520257Z  INFO tailwindcss_oxide::scanner: Reading "C:\\Users\\anand\\Documents\\NEXTIN VISION\\Bloocube\\Bloocube-frontend\\src\\Components\\Twitter\\TwitterIntegration.tsx"
2025-10-07T05:13:40.520271Z  INFO tailwindcss_oxide::scanner: Reading "C:\\Users\\anand\\Documents\\NEXTIN VISION\\Bloocube\\Bloocube-frontend\\src\\app\\about\\page.tsx"
2025-10-07T05:13:40.520270Z  INFO tailwindcss_oxide::scanner: Reading "C:\\Users\\anand\\Documents\\NEXTIN VISION\\Bloocube\\Bloocube-frontend\\src\\app\\(landing)\\components\\Hero.tsx"
2025-10-07T05:13:40.520286Z  INFO tailwindcss_oxide::scanner: Reading "C:\\Users\\anand\\Documents\\NEXTIN VISION\\Bloocube\\Bloocube-frontend\\postcss.config.mjs"
2025-10-07T05:13:40.520297Z  INFO tailwindcss_oxide::scanner: Reading "C:\\Users\\anand\\Documents\\NEXTIN VISION\\Bloocube\\Bloocube-frontend\\src\\types\\bid.ts"
2025-10-07T05:13:40.520271Z  INFO tailwindcss_oxide::scanner: Reading "C:\\Users\\anand\\Documents\\NEXTIN VISION\\Bloocube\\Bloocube-frontend\\src\\app\\(landing)\\components\\Pricing.tsx"
2025-10-07T05:13:40.520276Z  INFO tailwindcss_oxide::scanner: Reading "C:\\Users\\anand\\Documents\\NEXTIN VISION\\Bloocube\\Bloocube-frontend\\src\\Components\\ui\\TopProgressBar.tsx"
2025-10-07T05:13:40.520290Z  INFO tailwindcss_oxide::scanner: Reading "C:\\Users\\anand\\Documents\\NEXTIN VISION\\Bloocube\\Bloocube-frontend\\src\\types\\user.ts"
2025-10-07T05:13:40.520336Z  INFO tailwindcss_oxide::scanner: Reading "C:\\Users\\anand\\Documents\\NEXTIN VISION\\Bloocube\\Bloocube-frontend\\src\\app\\api\\analytics\\route.ts"
2025-10-07T05:13:40.520303Z  INFO tailwindcss_oxide::scanner: Reading "C:\\Users\\anand\\Documents\\NEXTIN VISION\\Bloocube\\Bloocube-frontend\\src\\Components\\ui\\Button.tsx"
2025-10-07T05:13:40.520356Z  INFO tailwindcss_oxide::scanner: Reading "C:\\Users\\anand\\Documents\\NEXTIN VISION\\Bloocube\\Bloocube-frontend\\src\\app\\api\\auth\\route.ts"
2025-10-07T05:13:40.520364Z  INFO tailwindcss_oxide::scanner: Reading "C:\\Users\\anand\\Documents\\NEXTIN VISION\\Bloocube\\Bloocube-frontend\\src\\lib\\linkedin.ts"
2025-10-07T05:13:40.520371Z  INFO tailwindcss_oxide::scanner: Reading "C:\\Users\\anand\\Documents\\NEXTIN VISION\\Bloocube\\Bloocube-frontend\\src\\lib\\campaignService.ts"
2025-10-07T05:13:40.520384Z  INFO tailwindcss_oxide::scanner: Reading "C:\\Users\\anand\\Documents\\NEXTIN VISION\\Bloocube\\Bloocube-frontend\\tsconfig.json"
2025-10-07T05:13:40.520384Z  INFO tailwindcss_oxide::scanner: Reading "C:\\Users\\anand\\Documents\\NEXTIN VISION\\Bloocube\\Bloocube-frontend\\src\\app\\(landing)\\components\\Testimonials.tsx"
2025-10-07T05:13:40.520315Z  INFO tailwindcss_oxide::scanner: Reading "C:\\Users\\anand\\Documents\\NEXTIN VISION\\Bloocube\\Bloocube-frontend\\src\\app\\(dashboard)\\brand\\layout.tsx"
2025-10-07T05:13:40.520397Z  INFO tailwindcss_oxide::scanner: Reading "C:\\Users\\anand\\Documents\\NEXTIN VISION\\Bloocube\\Bloocube-frontend\\public\\file.svg"
2025-10-07T05:13:40.520394Z  INFO tailwindcss_oxide::scanner: Reading "C:\\Users\\anand\\Documents\\NEXTIN VISION\\Bloocube\\Bloocube-frontend\\src\\app\\(landing)\\components\\Visualization.tsx"
2025-10-07T05:13:40.520327Z  INFO tailwindcss_oxide::scanner: Reading "C:\\Users\\anand\\Documents\\NEXTIN VISION\\Bloocube\\Bloocube-frontend\\src\\lib\\config.ts"
2025-10-07T05:13:40.520409Z  INFO tailwindcss_oxide::scanner: Reading "C:\\Users\\anand\\Documents\\NEXTIN VISION\\Bloocube\\Bloocube-frontend\\src\\app\\api\\campaigns\\route.ts"
2025-10-07T05:13:40.520428Z  INFO tailwindcss_oxide::scanner: Reading "C:\\Users\\anand\\Documents\\NEXTIN VISION\\Bloocube\\Bloocube-frontend\\src\\lib\\loading.ts"
2025-10-07T05:13:40.520438Z  INFO tailwindcss_oxide::scanner: Reading "C:\\Users\\anand\\Documents\\NEXTIN VISION\\Bloocube\\Bloocube-frontend\\src\\lib\\constants.ts"
2025-10-07T05:13:40.520446Z  INFO tailwindcss_oxide::scanner: Reading "C:\\Users\\anand\\Documents\\NEXTIN VISION\\Bloocube\\Bloocube-frontend\\src\\app\\api\\linkedin\\auth-url\\route.ts"
2025-10-07T05:13:40.520452Z  INFO tailwindcss_oxide::scanner: Reading "C:\\Users\\anand\\Documents\\NEXTIN VISION\\Bloocube\\Bloocube-frontend\\src\\app\\(dashboard)\\creator\\competitors\\page.tsx"
2025-10-07T05:13:40.520462Z  INFO tailwindcss_oxide::scanner: Reading "C:\\Users\\anand\\Documents\\NEXTIN VISION\\Bloocube\\Bloocube-frontend\\src\\app\\(landing)\\layout.tsx"
2025-10-07T05:13:40.520345Z  INFO tailwindcss_oxide::scanner: Reading "C:\\Users\\anand\\Documents\\NEXTIN VISION\\Bloocube\\Bloocube-frontend\\src\\app\\(landing)\\components\\Persona.tsx"
2025-10-07T05:13:40.520478Z  INFO tailwindcss_oxide::scanner: Reading "C:\\Users\\anand\\Documents\\NEXTIN VISION\\Bloocube\\Bloocube-frontend\\src\\app\\(dashboard)\\brand\\marketplace\\page.tsx"
2025-10-07T05:13:40.520475Z  INFO tailwindcss_oxide::scanner: Reading "C:\\Users\\anand\\Documents\\NEXTIN VISION\\Bloocube\\Bloocube-frontend\\src\\app\\api\\linkedin\\callback\\route.ts"
2025-10-07T05:13:40.520460Z  INFO tailwindcss_oxide::scanner: Reading "C:\\Users\\anand\\Documents\\NEXTIN VISION\\Bloocube\\Bloocube-frontend\\src\\Components\\YouTube\\YouTubeIntegration.tsx"
2025-10-07T05:13:40.520281Z  INFO tailwindcss_oxide::scanner: Reading "C:\\Users\\anand\\Documents\\NEXTIN VISION\\Bloocube\\Bloocube-frontend\\src\\app\\(dashboard)\\creator\\competitors\\analyze\\page.tsx"
2025-10-07T05:13:40.520520Z  INFO tailwindcss_oxide::scanner: Reading "C:\\Users\\anand\\Documents\\NEXTIN VISION\\Bloocube\\Bloocube-frontend\\src\\app\\(dashboard)\\creator\\marketplace\\page.tsx"
2025-10-07T05:13:40.520529Z  INFO tailwindcss_oxide::scanner: Reading "C:\\Users\\anand\\Documents\\NEXTIN VISION\\Bloocube\\Bloocube-frontend\\src\\hooks\\useAuth.ts"
2025-10-07T05:13:40.520491Z  INFO tailwindcss_oxide::scanner: Reading "C:\\Users\\anand\\Documents\\NEXTIN VISION\\Bloocube\\Bloocube-frontend\\src\\app\\(dashboard)\\creator\\page.tsx"
2025-10-07T05:13:40.520544Z  INFO tailwindcss_oxide::scanner: Reading "C:\\Users\\anand\\Documents\\NEXTIN VISION\\Bloocube\\Bloocube-frontend\\src\\hooks\\useApi.ts"
2025-10-07T05:13:40.520483Z  INFO tailwindcss_oxide::scanner: Reading "C:\\Users\\anand\\Documents\\NEXTIN VISION\\Bloocube\\Bloocube-frontend\\src\\Components\\ui\\RouteProgress.tsx"
2025-10-07T05:13:40.520500Z  INFO tailwindcss_oxide::scanner: Reading "C:\\Users\\anand\\Documents\\NEXTIN VISION\\Bloocube\\Bloocube-frontend\\src\\app\\(dashboard)\\creator\\settings\\page.tsx"
2025-10-07T05:13:40.520561Z  INFO tailwindcss_oxide::scanner: Reading "C:\\Users\\anand\\Documents\\NEXTIN VISION\\Bloocube\\Bloocube-frontend\\src\\app\\(dashboard)\\creator\\posts\\page.tsx"
2025-10-07T05:13:40.520482Z  INFO tailwindcss_oxide::scanner: Reading "C:\\Users\\anand\\Documents\\NEXTIN VISION\\Bloocube\\Bloocube-frontend\\public\\globe.svg"
2025-10-07T05:13:40.520519Z  INFO tailwindcss_oxide::scanner: Reading "C:\\Users\\anand\\Documents\\NEXTIN VISION\\Bloocube\\Bloocube-frontend\\src\\app\\(landing)\\components\\Automation.tsx"
2025-10-07T05:13:40.520517Z  INFO tailwindcss_oxide::scanner: Reading "C:\\Users\\anand\\Documents\\NEXTIN VISION\\Bloocube\\Bloocube-frontend\\src\\app\\(dashboard)\\creator\\dashboard\\page.tsx"
2025-10-07T05:13:40.520519Z  INFO tailwindcss_oxide::scanner: Reading "C:\\Users\\anand\\Documents\\NEXTIN VISION\\Bloocube\\Bloocube-frontend\\public\\next.svg"
2025-10-07T05:13:40.520711Z  INFO extract_candidates:read_all_files: tailwindcss_oxide::scanner: exit
2025-10-07T05:13:40.520725Z  INFO extract_candidates:parse_all_blobs: tailwindcss_oxide::scanner: enter
2025-10-07T05:13:40.520732Z  INFO extract_candidates:parse_all_blobs:extract: tailwindcss_oxide::scanner: enter
2025-10-07T05:13:40.523066Z  INFO extract_candidates:parse_all_blobs:extract: tailwindcss_oxide::scanner: exit
2025-10-07T05:13:40.523103Z  INFO extract_candidates:parse_all_blobs: tailwindcss_oxide::scanner: exit
2025-10-07T05:13:40.523111Z  INFO extract_candidates:read_all_files: tailwindcss_oxide::scanner: enter
2025-10-07T05:13:40.523114Z  INFO extract_candidates:read_all_files: tailwindcss_oxide::scanner: Reading 1 file(s)
2025-10-07T05:13:40.523220Z  INFO extract_candidates:read_all_files: tailwindcss_oxide::scanner: Reading "C:\\Users\\anand\\Documents\\NEXTIN VISION\\Bloocube\\Bloocube-frontend\\src\\app\\globals.css"
2025-10-07T05:13:40.523230Z  INFO extract_candidates:read_all_files: tailwindcss_oxide::scanner: exit
2025-10-07T05:13:40.523233Z  INFO extract_candidates:extract_css_variables: tailwindcss_oxide::scanner: enter
2025-10-07T05:13:40.523237Z  INFO extract_candidates:extract_css_variables:extract: tailwindcss_oxide::scanner: enter
2025-10-07T05:13:40.523600Z  INFO extract_candidates:extract_css_variables:extract: tailwindcss_oxide::scanner: exit
2025-10-07T05:13:40.523623Z  INFO extract_candidates:extract_css_variables: tailwindcss_oxide::scanner: exit
2025-10-07T05:13:40.524238Z  INFO extract_candidates: tailwindcss_oxide::scanner: exit
2025-10-07T05:13:40.525313Z  INFO get_files: tailwindcss_oxide::scanner: enter
2025-10-07T05:13:40.525321Z  INFO get_files:scan_sources: tailwindcss_oxide::scanner: enter
2025-10-07T05:13:40.527090Z  INFO get_files:scan_sources: tailwindcss_oxide::scanner: Discovering "C:\\Users\\anand\\Documents\\NEXTIN VISION\\Bloocube\\Bloocube-frontend\\public"
2025-10-07T05:13:40.527469Z  INFO get_files:scan_sources: tailwindcss_oxide::scanner: Discovering "C:\\Users\\anand\\Documents\\NEXTIN VISION\\Bloocube\\Bloocube-frontend\\src"
2025-10-07T05:13:40.527597Z  INFO get_files:scan_sources: tailwindcss_oxide::scanner: Discovering "C:\\Users\\anand\\Documents\\NEXTIN VISION\\Bloocube\\Bloocube-frontend\\src\\app"
2025-10-07T05:13:40.527699Z  INFO get_files:scan_sources: tailwindcss_oxide::scanner: Discovering "C:\\Users\\anand\\Documents\\NEXTIN VISION\\Bloocube\\Bloocube-frontend\\src\\app\\(auth)"
2025-10-07T05:13:40.527802Z  INFO get_files:scan_sources: tailwindcss_oxide::scanner: Discovering "C:\\Users\\anand\\Documents\\NEXTIN VISION\\Bloocube\\Bloocube-frontend\\src\\app\\(auth)\\forgot-password"
2025-10-07T05:13:40.527953Z  INFO get_files:scan_sources: tailwindcss_oxide::scanner: Discovering "C:\\Users\\anand\\Documents\\NEXTIN VISION\\Bloocube\\Bloocube-frontend\\src\\app\\(auth)\\login"
2025-10-07T05:13:40.528082Z  INFO get_files:scan_sources: tailwindcss_oxide::scanner: Discovering "C:\\Users\\anand\\Documents\\NEXTIN VISION\\Bloocube\\Bloocube-frontend\\src\\app\\(auth)\\signup"
2025-10-07T05:13:40.528226Z  INFO get_files:scan_sources: tailwindcss_oxide::scanner: Discovering "C:\\Users\\anand\\Documents\\NEXTIN VISION\\Bloocube\\Bloocube-frontend\\src\\app\\(dashboard)"
2025-10-07T05:13:40.528318Z  INFO get_files:scan_sources: tailwindcss_oxide::scanner: Discovering "C:\\Users\\anand\\Documents\\NEXTIN VISION\\Bloocube\\Bloocube-frontend\\src\\app\\(dashboard)\\admin"
2025-10-07T05:13:40.528409Z  INFO get_files:scan_sources: tailwindcss_oxide::scanner: Discovering "C:\\Users\\anand\\Documents\\NEXTIN VISION\\Bloocube\\Bloocube-frontend\\src\\app\\(dashboard)\\admin\\ai-providers"
2025-10-07T05:13:40.528548Z  INFO get_files:scan_sources: tailwindcss_oxide::scanner: Discovering "C:\\Users\\anand\\Documents\\NEXTIN VISION\\Bloocube\\Bloocube-frontend\\src\\app\\(dashboard)\\brand"
2025-10-07T05:13:40.528649Z  INFO get_files:scan_sources: tailwindcss_oxide::scanner: Discovering "C:\\Users\\anand\\Documents\\NEXTIN VISION\\Bloocube\\Bloocube-frontend\\src\\app\\(dashboard)\\brand\\analytics"
2025-10-07T05:13:40.528796Z  INFO get_files:scan_sources: tailwindcss_oxide::scanner: Discovering "C:\\Users\\anand\\Documents\\NEXTIN VISION\\Bloocube\\Bloocube-frontend\\src\\app\\(dashboard)\\brand\\bids"
2025-10-07T05:13:40.528919Z  INFO get_files:scan_sources: tailwindcss_oxide::scanner: Discovering "C:\\Users\\anand\\Documents\\NEXTIN VISION\\Bloocube\\Bloocube-frontend\\src\\app\\(dashboard)\\brand\\campaigns"
2025-10-07T05:13:40.529040Z  INFO get_files:scan_sources: tailwindcss_oxide::scanner: Discovering "C:\\Users\\anand\\Documents\\NEXTIN VISION\\Bloocube\\Bloocube-frontend\\src\\app\\(dashboard)\\brand\\creator-profile"
2025-10-07T05:13:40.529130Z  INFO get_files:scan_sources: tailwindcss_oxide::scanner: Discovering "C:\\Users\\anand\\Documents\\NEXTIN VISION\\Bloocube\\Bloocube-frontend\\src\\app\\(dashboard)\\brand\\creator-profile\\[id]"
2025-10-07T05:13:40.529335Z  INFO get_files:scan_sources: tailwindcss_oxide::scanner: Discovering "C:\\Users\\anand\\Documents\\NEXTIN VISION\\Bloocube\\Bloocube-frontend\\src\\app\\(dashboard)\\brand\\marketplace"
2025-10-07T05:13:40.529594Z  INFO get_files:scan_sources: tailwindcss_oxide::scanner: Discovering "C:\\Users\\anand\\Documents\\NEXTIN VISION\\Bloocube\\Bloocube-frontend\\src\\app\\(dashboard)\\brand\\notifications"
2025-10-07T05:13:40.529758Z  INFO get_files:scan_sources: tailwindcss_oxide::scanner: Discovering "C:\\Users\\anand\\Documents\\NEXTIN VISION\\Bloocube\\Bloocube-frontend\\src\\app\\(dashboard)\\brand\\profile"
2025-10-07T05:13:40.529864Z  INFO get_files:scan_sources: tailwindcss_oxide::scanner: Discovering "C:\\Users\\anand\\Documents\\NEXTIN VISION\\Bloocube\\Bloocube-frontend\\src\\app\\(dashboard)\\brand\\settings"
2025-10-07T05:13:40.530008Z  INFO get_files:scan_sources: tailwindcss_oxide::scanner: Discovering "C:\\Users\\anand\\Documents\\NEXTIN VISION\\Bloocube\\Bloocube-frontend\\src\\app\\(dashboard)\\creator"
2025-10-07T05:13:40.530111Z  INFO get_files:scan_sources: tailwindcss_oxide::scanner: Discovering "C:\\Users\\anand\\Documents\\NEXTIN VISION\\Bloocube\\Bloocube-frontend\\src\\app\\(dashboard)\\creator\\analytics"
2025-10-07T05:13:40.530233Z  INFO get_files:scan_sources: tailwindcss_oxide::scanner: Discovering "C:\\Users\\anand\\Documents\\NEXTIN VISION\\Bloocube\\Bloocube-frontend\\src\\app\\(dashboard)\\creator\\bids"
2025-10-07T05:13:40.530355Z  INFO get_files:scan_sources: tailwindcss_oxide::scanner: Discovering "C:\\Users\\anand\\Documents\\NEXTIN VISION\\Bloocube\\Bloocube-frontend\\src\\app\\(dashboard)\\creator\\campaigns"
2025-10-07T05:13:40.530474Z  INFO get_files:scan_sources: tailwindcss_oxide::scanner: Discovering "C:\\Users\\anand\\Documents\\NEXTIN VISION\\Bloocube\\Bloocube-frontend\\src\\app\\(dashboard)\\creator\\competitors"
2025-10-07T05:13:40.530567Z  INFO get_files:scan_sources: tailwindcss_oxide::scanner: Discovering "C:\\Users\\anand\\Documents\\NEXTIN VISION\\Bloocube\\Bloocube-frontend\\src\\app\\(dashboard)\\creator\\competitors\\analyze"
2025-10-07T05:13:40.530727Z  INFO get_files:scan_sources: tailwindcss_oxide::scanner: Discovering "C:\\Users\\anand\\Documents\\NEXTIN VISION\\Bloocube\\Bloocube-frontend\\src\\app\\(dashboard)\\creator\\dashboard"
2025-10-07T05:13:40.530851Z  INFO get_files:scan_sources: tailwindcss_oxide::scanner: Discovering "C:\\Users\\anand\\Documents\\NEXTIN VISION\\Bloocube\\Bloocube-frontend\\src\\app\\(dashboard)\\creator\\marketplace"
2025-10-07T05:13:40.530988Z  INFO get_files:scan_sources: tailwindcss_oxide::scanner: Discovering "C:\\Users\\anand\\Documents\\NEXTIN VISION\\Bloocube\\Bloocube-frontend\\src\\app\\(dashboard)\\creator\\posts"
2025-10-07T05:13:40.531151Z  INFO get_files:scan_sources: tailwindcss_oxide::scanner: Discovering "C:\\Users\\anand\\Documents\\NEXTIN VISION\\Bloocube\\Bloocube-frontend\\src\\app\\(dashboard)\\creator\\profile"
2025-10-07T05:13:40.531252Z  INFO get_files:scan_sources: tailwindcss_oxide::scanner: Discovering "C:\\Users\\anand\\Documents\\NEXTIN VISION\\Bloocube\\Bloocube-frontend\\src\\app\\(dashboard)\\creator\\settings"
2025-10-07T05:13:40.531412Z  INFO get_files:scan_sources: tailwindcss_oxide::scanner: Discovering "C:\\Users\\anand\\Documents\\NEXTIN VISION\\Bloocube\\Bloocube-frontend\\src\\app\\(landing)"
2025-10-07T05:13:40.531506Z  INFO get_files:scan_sources: tailwindcss_oxide::scanner: Discovering "C:\\Users\\anand\\Documents\\NEXTIN VISION\\Bloocube\\Bloocube-frontend\\src\\app\\(landing)\\components"
2025-10-07T05:13:40.531786Z  INFO get_files:scan_sources: tailwindcss_oxide::scanner: Discovering "C:\\Users\\anand\\Documents\\NEXTIN VISION\\Bloocube\\Bloocube-frontend\\src\\app\\(marketing)"
2025-10-07T05:13:40.531886Z  INFO get_files:scan_sources: tailwindcss_oxide::scanner: Discovering "C:\\Users\\anand\\Documents\\NEXTIN VISION\\Bloocube\\Bloocube-frontend\\src\\app\\about"
2025-10-07T05:13:40.532067Z  INFO get_files:scan_sources: tailwindcss_oxide::scanner: Discovering "C:\\Users\\anand\\Documents\\NEXTIN VISION\\Bloocube\\Bloocube-frontend\\src\\app\\api"
2025-10-07T05:13:40.532160Z  INFO get_files:scan_sources: tailwindcss_oxide::scanner: Discovering "C:\\Users\\anand\\Documents\\NEXTIN VISION\\Bloocube\\Bloocube-frontend\\src\\app\\api\\analytics"
2025-10-07T05:13:40.532281Z  INFO get_files:scan_sources: tailwindcss_oxide::scanner: Discovering "C:\\Users\\anand\\Documents\\NEXTIN VISION\\Bloocube\\Bloocube-frontend\\src\\app\\api\\auth"
2025-10-07T05:13:40.532507Z  INFO get_files:scan_sources: tailwindcss_oxide::scanner: Discovering "C:\\Users\\anand\\Documents\\NEXTIN VISION\\Bloocube\\Bloocube-frontend\\src\\app\\api\\campaigns"
2025-10-07T05:13:40.532653Z  INFO get_files:scan_sources: tailwindcss_oxide::scanner: Discovering "C:\\Users\\anand\\Documents\\NEXTIN VISION\\Bloocube\\Bloocube-frontend\\src\\app\\api\\linkedin"
2025-10-07T05:13:40.532746Z  INFO get_files:scan_sources: tailwindcss_oxide::scanner: Discovering "C:\\Users\\anand\\Documents\\NEXTIN VISION\\Bloocube\\Bloocube-frontend\\src\\app\\api\\linkedin\\auth-url"
2025-10-07T05:13:40.532870Z  INFO get_files:scan_sources: tailwindcss_oxide::scanner: Discovering "C:\\Users\\anand\\Documents\\NEXTIN VISION\\Bloocube\\Bloocube-frontend\\src\\app\\api\\linkedin\\callback"
2025-10-07T05:13:40.532986Z  INFO get_files:scan_sources: tailwindcss_oxide::scanner: Discovering "C:\\Users\\anand\\Documents\\NEXTIN VISION\\Bloocube\\Bloocube-frontend\\src\\app\\api\\linkedin\\config"
2025-10-07T05:13:40.533104Z  INFO get_files:scan_sources: tailwindcss_oxide::scanner: Discovering "C:\\Users\\anand\\Documents\\NEXTIN VISION\\Bloocube\\Bloocube-frontend\\src\\app\\api\\linkedin\\profile"
2025-10-07T05:13:40.533265Z  INFO get_files:scan_sources: tailwindcss_oxide::scanner: Discovering "C:\\Users\\anand\\Documents\\NEXTIN VISION\\Bloocube\\Bloocube-frontend\\src\\app\\auth"
2025-10-07T05:13:40.533359Z  INFO get_files:scan_sources: tailwindcss_oxide::scanner: Discovering "C:\\Users\\anand\\Documents\\NEXTIN VISION\\Bloocube\\Bloocube-frontend\\src\\app\\auth\\google"
2025-10-07T05:13:40.533453Z  INFO get_files:scan_sources: tailwindcss_oxide::scanner: Discovering "C:\\Users\\anand\\Documents\\NEXTIN VISION\\Bloocube\\Bloocube-frontend\\src\\app\\auth\\google\\callback"
2025-10-07T05:13:40.533591Z  INFO get_files:scan_sources: tailwindcss_oxide::scanner: Discovering "C:\\Users\\anand\\Documents\\NEXTIN VISION\\Bloocube\\Bloocube-frontend\\src\\app\\auth\\linkedin"
2025-10-07T05:13:40.533685Z  INFO get_files:scan_sources: tailwindcss_oxide::scanner: Discovering "C:\\Users\\anand\\Documents\\NEXTIN VISION\\Bloocube\\Bloocube-frontend\\src\\app\\auth\\linkedin\\callback"
2025-10-07T05:13:40.533827Z  INFO get_files:scan_sources: tailwindcss_oxide::scanner: Discovering "C:\\Users\\anand\\Documents\\NEXTIN VISION\\Bloocube\\Bloocube-frontend\\src\\app\\auth\\twitter"
2025-10-07T05:13:40.533937Z  INFO get_files:scan_sources: tailwindcss_oxide::scanner: Discovering "C:\\Users\\anand\\Documents\\NEXTIN VISION\\Bloocube\\Bloocube-frontend\\src\\app\\auth\\twitter\\callback"
2025-10-07T05:13:40.534200Z  INFO get_files:scan_sources: tailwindcss_oxide::scanner: Discovering "C:\\Users\\anand\\Documents\\NEXTIN VISION\\Bloocube\\Bloocube-frontend\\src\\app\\auth\\youtube"
2025-10-07T05:13:40.534331Z  INFO get_files:scan_sources: tailwindcss_oxide::scanner: Discovering "C:\\Users\\anand\\Documents\\NEXTIN VISION\\Bloocube\\Bloocube-frontend\\src\\app\\auth\\youtube\\callback"
2025-10-07T05:13:40.534576Z  INFO get_files:scan_sources: tailwindcss_oxide::scanner: Discovering "C:\\Users\\anand\\Documents\\NEXTIN VISION\\Bloocube\\Bloocube-frontend\\src\\app\\privacy"
2025-10-07T05:13:40.534700Z  INFO get_files:scan_sources: tailwindcss_oxide::scanner: Discovering "C:\\Users\\anand\\Documents\\NEXTIN VISION\\Bloocube\\Bloocube-frontend\\src\\app\\reset-password"
2025-10-07T05:13:40.534791Z  INFO get_files:scan_sources: tailwindcss_oxide::scanner: Discovering "C:\\Users\\anand\\Documents\\NEXTIN VISION\\Bloocube\\Bloocube-frontend\\src\\app\\reset-password\\[token]"
2025-10-07T05:13:40.535027Z  INFO get_files:scan_sources: tailwindcss_oxide::scanner: Discovering "C:\\Users\\anand\\Documents\\NEXTIN VISION\\Bloocube\\Bloocube-frontend\\src\\app\\terms"
2025-10-07T05:13:40.535198Z  INFO get_files:scan_sources: tailwindcss_oxide::scanner: Discovering "C:\\Users\\anand\\Documents\\NEXTIN VISION\\Bloocube\\Bloocube-frontend\\src\\app\\test-linkedin"
2025-10-07T05:13:40.535355Z  INFO get_files:scan_sources: tailwindcss_oxide::scanner: Discovering "C:\\Users\\anand\\Documents\\NEXTIN VISION\\Bloocube\\Bloocube-frontend\\src\\Components"
2025-10-07T05:13:40.535532Z  INFO get_files:scan_sources: tailwindcss_oxide::scanner: Discovering "C:\\Users\\anand\\Documents\\NEXTIN VISION\\Bloocube\\Bloocube-frontend\\src\\Components\\Creater"
2025-10-07T05:13:40.535763Z  INFO get_files:scan_sources: tailwindcss_oxide::scanner: Discovering "C:\\Users\\anand\\Documents\\NEXTIN VISION\\Bloocube\\Bloocube-frontend\\src\\Components\\layout"
2025-10-07T05:13:40.535933Z  INFO get_files:scan_sources: tailwindcss_oxide::scanner: Discovering "C:\\Users\\anand\\Documents\\NEXTIN VISION\\Bloocube\\Bloocube-frontend\\src\\Components\\LinkedIn"
2025-10-07T05:13:40.536092Z  INFO get_files:scan_sources: tailwindcss_oxide::scanner: Discovering "C:\\Users\\anand\\Documents\\NEXTIN VISION\\Bloocube\\Bloocube-frontend\\src\\Components\\Twitter"
2025-10-07T05:13:40.536251Z  INFO get_files:scan_sources: tailwindcss_oxide::scanner: Discovering "C:\\Users\\anand\\Documents\\NEXTIN VISION\\Bloocube\\Bloocube-frontend\\src\\Components\\ui"
2025-10-07T05:13:40.536410Z  INFO get_files:scan_sources: tailwindcss_oxide::scanner: Discovering "C:\\Users\\anand\\Documents\\NEXTIN VISION\\Bloocube\\Bloocube-frontend\\src\\Components\\YouTube"
2025-10-07T05:13:40.536548Z  INFO get_files:scan_sources: tailwindcss_oxide::scanner: Discovering "C:\\Users\\anand\\Documents\\NEXTIN VISION\\Bloocube\\Bloocube-frontend\\src\\hooks"
2025-10-07T05:13:40.536943Z  INFO get_files:scan_sources: tailwindcss_oxide::scanner: Discovering "C:\\Users\\anand\\Documents\\NEXTIN VISION\\Bloocube\\Bloocube-frontend\\src\\lib"
2025-10-07T05:13:40.537331Z  INFO get_files:scan_sources: tailwindcss_oxide::scanner: Discovering "C:\\Users\\anand\\Documents\\NEXTIN VISION\\Bloocube\\Bloocube-frontend\\src\\store"
2025-10-07T05:13:40.537494Z  INFO get_files:scan_sources: tailwindcss_oxide::scanner: Discovering "C:\\Users\\anand\\Documents\\NEXTIN VISION\\Bloocube\\Bloocube-frontend\\src\\types"
2025-10-07T05:13:40.537775Z  INFO get_files:scan_sources: tailwindcss_oxide::scanner: exit
2025-10-07T05:13:40.538003Z  INFO get_files: tailwindcss_oxide::scanner: exit
2025-10-07T05:13:40.538249Z  INFO get_globs: tailwindcss_oxide::scanner: enter
2025-10-07T05:13:40.538254Z  INFO get_globs:scan_sources: tailwindcss_oxide::scanner: enter
2025-10-07T05:13:40.539586Z  INFO get_globs:scan_sources: tailwindcss_oxide::scanner: Discovering "C:\\Users\\anand\\Documents\\NEXTIN VISION\\Bloocube\\Bloocube-frontend\\public"
2025-10-07T05:13:40.539955Z  INFO get_globs:scan_sources: tailwindcss_oxide::scanner: Discovering "C:\\Users\\anand\\Documents\\NEXTIN VISION\\Bloocube\\Bloocube-frontend\\src"
2025-10-07T05:13:40.540081Z  INFO get_globs:scan_sources: tailwindcss_oxide::scanner: Discovering "C:\\Users\\anand\\Documents\\NEXTIN VISION\\Bloocube\\Bloocube-frontend\\src\\app"
2025-10-07T05:13:40.540185Z  INFO get_globs:scan_sources: tailwindcss_oxide::scanner: Discovering "C:\\Users\\anand\\Documents\\NEXTIN VISION\\Bloocube\\Bloocube-frontend\\src\\app\\(auth)"
2025-10-07T05:13:40.540283Z  INFO get_globs:scan_sources: tailwindcss_oxide::scanner: Discovering "C:\\Users\\anand\\Documents\\NEXTIN VISION\\Bloocube\\Bloocube-frontend\\src\\app\\(auth)\\forgot-password"
2025-10-07T05:13:40.540421Z  INFO get_globs:scan_sources: tailwindcss_oxide::scanner: Discovering "C:\\Users\\anand\\Documents\\NEXTIN VISION\\Bloocube\\Bloocube-frontend\\src\\app\\(auth)\\login"
2025-10-07T05:13:40.540544Z  INFO get_globs:scan_sources: tailwindcss_oxide::scanner: Discovering "C:\\Users\\anand\\Documents\\NEXTIN VISION\\Bloocube\\Bloocube-frontend\\src\\app\\(auth)\\signup"
2025-10-07T05:13:40.540675Z  INFO get_globs:scan_sources: tailwindcss_oxide::scanner: Discovering "C:\\Users\\anand\\Documents\\NEXTIN VISION\\Bloocube\\Bloocube-frontend\\src\\app\\(dashboard)"
2025-10-07T05:13:40.540758Z  INFO get_globs:scan_sources: tailwindcss_oxide::scanner: Discovering "C:\\Users\\anand\\Documents\\NEXTIN VISION\\Bloocube\\Bloocube-frontend\\src\\app\\(dashboard)\\admin"
2025-10-07T05:13:40.540841Z  INFO get_globs:scan_sources: tailwindcss_oxide::scanner: Discovering "C:\\Users\\anand\\Documents\\NEXTIN VISION\\Bloocube\\Bloocube-frontend\\src\\app\\(dashboard)\\admin\\ai-providers"
2025-10-07T05:13:40.540970Z  INFO get_globs:scan_sources: tailwindcss_oxide::scanner: Discovering "C:\\Users\\anand\\Documents\\NEXTIN VISION\\Bloocube\\Bloocube-frontend\\src\\app\\(dashboard)\\brand"
2025-10-07T05:13:40.541073Z  INFO get_globs:scan_sources: tailwindcss_oxide::scanner: Discovering "C:\\Users\\anand\\Documents\\NEXTIN VISION\\Bloocube\\Bloocube-frontend\\src\\app\\(dashboard)\\brand\\analytics"
2025-10-07T05:13:40.541184Z  INFO get_globs:scan_sources: tailwindcss_oxide::scanner: Discovering "C:\\Users\\anand\\Documents\\NEXTIN VISION\\Bloocube\\Bloocube-frontend\\src\\app\\(dashboard)\\brand\\bids"
2025-10-07T05:13:40.541294Z  INFO get_globs:scan_sources: tailwindcss_oxide::scanner: Discovering "C:\\Users\\anand\\Documents\\NEXTIN VISION\\Bloocube\\Bloocube-frontend\\src\\app\\(dashboard)\\brand\\campaigns"
2025-10-07T05:13:40.541416Z  INFO get_globs:scan_sources: tailwindcss_oxide::scanner: Discovering "C:\\Users\\anand\\Documents\\NEXTIN VISION\\Bloocube\\Bloocube-frontend\\src\\app\\(dashboard)\\brand\\creator-profile"
2025-10-07T05:13:40.541505Z  INFO get_globs:scan_sources: tailwindcss_oxide::scanner: Discovering "C:\\Users\\anand\\Documents\\NEXTIN VISION\\Bloocube\\Bloocube-frontend\\src\\app\\(dashboard)\\brand\\creator-profile\\[id]"
2025-10-07T05:13:40.541683Z  INFO get_globs:scan_sources: tailwindcss_oxide::scanner: Discovering "C:\\Users\\anand\\Documents\\NEXTIN VISION\\Bloocube\\Bloocube-frontend\\src\\app\\(dashboard)\\brand\\marketplace"
2025-10-07T05:13:40.541808Z  INFO get_globs:scan_sources: tailwindcss_oxide::scanner: Discovering "C:\\Users\\anand\\Documents\\NEXTIN VISION\\Bloocube\\Bloocube-frontend\\src\\app\\(dashboard)\\brand\\notifications"
2025-10-07T05:13:40.541951Z  INFO get_globs:scan_sources: tailwindcss_oxide::scanner: Discovering "C:\\Users\\anand\\Documents\\NEXTIN VISION\\Bloocube\\Bloocube-frontend\\src\\app\\(dashboard)\\brand\\profile"
2025-10-07T05:13:40.542056Z  INFO get_globs:scan_sources: tailwindcss_oxide::scanner: Discovering "C:\\Users\\anand\\Documents\\NEXTIN VISION\\Bloocube\\Bloocube-frontend\\src\\app\\(dashboard)\\brand\\settings"
2025-10-07T05:13:40.542216Z  INFO get_globs:scan_sources: tailwindcss_oxide::scanner: Discovering "C:\\Users\\anand\\Documents\\NEXTIN VISION\\Bloocube\\Bloocube-frontend\\src\\app\\(dashboard)\\creator"
2025-10-07T05:13:40.542317Z  INFO get_globs:scan_sources: tailwindcss_oxide::scanner: Discovering "C:\\Users\\anand\\Documents\\NEXTIN VISION\\Bloocube\\Bloocube-frontend\\src\\app\\(dashboard)\\creator\\analytics"
2025-10-07T05:13:40.542439Z  INFO get_globs:scan_sources: tailwindcss_oxide::scanner: Discovering "C:\\Users\\anand\\Documents\\NEXTIN VISION\\Bloocube\\Bloocube-frontend\\src\\app\\(dashboard)\\creator\\bids"
2025-10-07T05:13:40.542559Z  INFO get_globs:scan_sources: tailwindcss_oxide::scanner: Discovering "C:\\Users\\anand\\Documents\\NEXTIN VISION\\Bloocube\\Bloocube-frontend\\src\\app\\(dashboard)\\creator\\campaigns"
2025-10-07T05:13:40.542678Z  INFO get_globs:scan_sources: tailwindcss_oxide::scanner: Discovering "C:\\Users\\anand\\Documents\\NEXTIN VISION\\Bloocube\\Bloocube-frontend\\src\\app\\(dashboard)\\creator\\competitors"
2025-10-07T05:13:40.542763Z  INFO get_globs:scan_sources: tailwindcss_oxide::scanner: Discovering "C:\\Users\\anand\\Documents\\NEXTIN VISION\\Bloocube\\Bloocube-frontend\\src\\app\\(dashboard)\\creator\\competitors\\analyze"
2025-10-07T05:13:40.542910Z  INFO get_globs:scan_sources: tailwindcss_oxide::scanner: Discovering "C:\\Users\\anand\\Documents\\NEXTIN VISION\\Bloocube\\Bloocube-frontend\\src\\app\\(dashboard)\\creator\\dashboard"
2025-10-07T05:13:40.543022Z  INFO get_globs:scan_sources: tailwindcss_oxide::scanner: Discovering "C:\\Users\\anand\\Documents\\NEXTIN VISION\\Bloocube\\Bloocube-frontend\\src\\app\\(dashboard)\\creator\\marketplace"
2025-10-07T05:13:40.543147Z  INFO get_globs:scan_sources: tailwindcss_oxide::scanner: Discovering "C:\\Users\\anand\\Documents\\NEXTIN VISION\\Bloocube\\Bloocube-frontend\\src\\app\\(dashboard)\\creator\\posts"
2025-10-07T05:13:40.543258Z  INFO get_globs:scan_sources: tailwindcss_oxide::scanner: Discovering "C:\\Users\\anand\\Documents\\NEXTIN VISION\\Bloocube\\Bloocube-frontend\\src\\app\\(dashboard)\\creator\\profile"
2025-10-07T05:13:40.543349Z  INFO get_globs:scan_sources: tailwindcss_oxide::scanner: Discovering "C:\\Users\\anand\\Documents\\NEXTIN VISION\\Bloocube\\Bloocube-frontend\\src\\app\\(dashboard)\\creator\\settings"
2025-10-07T05:13:40.543534Z  INFO get_globs:scan_sources: tailwindcss_oxide::scanner: Discovering "C:\\Users\\anand\\Documents\\NEXTIN VISION\\Bloocube\\Bloocube-frontend\\src\\app\\(landing)"
2025-10-07T05:13:40.543620Z  INFO get_globs:scan_sources: tailwindcss_oxide::scanner: Discovering "C:\\Users\\anand\\Documents\\NEXTIN VISION\\Bloocube\\Bloocube-frontend\\src\\app\\(landing)\\components"
2025-10-07T05:13:40.543878Z  INFO get_globs:scan_sources: tailwindcss_oxide::scanner: Discovering "C:\\Users\\anand\\Documents\\NEXTIN VISION\\Bloocube\\Bloocube-frontend\\src\\app\\(marketing)"
2025-10-07T05:13:40.543996Z  INFO get_globs:scan_sources: tailwindcss_oxide::scanner: Discovering "C:\\Users\\anand\\Documents\\NEXTIN VISION\\Bloocube\\Bloocube-frontend\\src\\app\\about"
2025-10-07T05:13:40.544114Z  INFO get_globs:scan_sources: tailwindcss_oxide::scanner: Discovering "C:\\Users\\anand\\Documents\\NEXTIN VISION\\Bloocube\\Bloocube-frontend\\src\\app\\api"
2025-10-07T05:13:40.544203Z  INFO get_globs:scan_sources: tailwindcss_oxide::scanner: Discovering "C:\\Users\\anand\\Documents\\NEXTIN VISION\\Bloocube\\Bloocube-frontend\\src\\app\\api\\analytics"
2025-10-07T05:13:40.544335Z  INFO get_globs:scan_sources: tailwindcss_oxide::scanner: Discovering "C:\\Users\\anand\\Documents\\NEXTIN VISION\\Bloocube\\Bloocube-frontend\\src\\app\\api\\auth"
2025-10-07T05:13:40.544444Z  INFO get_globs:scan_sources: tailwindcss_oxide::scanner: Discovering "C:\\Users\\anand\\Documents\\NEXTIN VISION\\Bloocube\\Bloocube-frontend\\src\\app\\api\\campaigns"
2025-10-07T05:13:40.544555Z  INFO get_globs:scan_sources: tailwindcss_oxide::scanner: Discovering "C:\\Users\\anand\\Documents\\NEXTIN VISION\\Bloocube\\Bloocube-frontend\\src\\app\\api\\linkedin"
2025-10-07T05:13:40.544635Z  INFO get_globs:scan_sources: tailwindcss_oxide::scanner: Discovering "C:\\Users\\anand\\Documents\\NEXTIN VISION\\Bloocube\\Bloocube-frontend\\src\\app\\api\\linkedin\\auth-url"
2025-10-07T05:13:40.544743Z  INFO get_globs:scan_sources: tailwindcss_oxide::scanner: Discovering "C:\\Users\\anand\\Documents\\NEXTIN VISION\\Bloocube\\Bloocube-frontend\\src\\app\\api\\linkedin\\callback"
2025-10-07T05:13:40.544851Z  INFO get_globs:scan_sources: tailwindcss_oxide::scanner: Discovering "C:\\Users\\anand\\Documents\\NEXTIN VISION\\Bloocube\\Bloocube-frontend\\src\\app\\api\\linkedin\\config"
2025-10-07T05:13:40.544988Z  INFO get_globs:scan_sources: tailwindcss_oxide::scanner: Discovering "C:\\Users\\anand\\Documents\\NEXTIN VISION\\Bloocube\\Bloocube-frontend\\src\\app\\api\\linkedin\\profile"
2025-10-07T05:13:40.545119Z  INFO get_globs:scan_sources: tailwindcss_oxide::scanner: Discovering "C:\\Users\\anand\\Documents\\NEXTIN VISION\\Bloocube\\Bloocube-frontend\\src\\app\\auth"
2025-10-07T05:13:40.545199Z  INFO get_globs:scan_sources: tailwindcss_oxide::scanner: Discovering "C:\\Users\\anand\\Documents\\NEXTIN VISION\\Bloocube\\Bloocube-frontend\\src\\app\\auth\\google"
2025-10-07T05:13:40.545282Z  INFO get_globs:scan_sources: tailwindcss_oxide::scanner: Discovering "C:\\Users\\anand\\Documents\\NEXTIN VISION\\Bloocube\\Bloocube-frontend\\src\\app\\auth\\google\\callback"
2025-10-07T05:13:40.545403Z  INFO get_globs:scan_sources: tailwindcss_oxide::scanner: Discovering "C:\\Users\\anand\\Documents\\NEXTIN VISION\\Bloocube\\Bloocube-frontend\\src\\app\\auth\\linkedin"
2025-10-07T05:13:40.545492Z  INFO get_globs:scan_sources: tailwindcss_oxide::scanner: Discovering "C:\\Users\\anand\\Documents\\NEXTIN VISION\\Bloocube\\Bloocube-frontend\\src\\app\\auth\\linkedin\\callback"
2025-10-07T05:13:40.545614Z  INFO get_globs:scan_sources: tailwindcss_oxide::scanner: Discovering "C:\\Users\\anand\\Documents\\NEXTIN VISION\\Bloocube\\Bloocube-frontend\\src\\app\\auth\\twitter"
2025-10-07T05:13:40.545717Z  INFO get_globs:scan_sources: tailwindcss_oxide::scanner: Discovering "C:\\Users\\anand\\Documents\\NEXTIN VISION\\Bloocube\\Bloocube-frontend\\src\\app\\auth\\twitter\\callback"
2025-10-07T05:13:40.545841Z  INFO get_globs:scan_sources: tailwindcss_oxide::scanner: Discovering "C:\\Users\\anand\\Documents\\NEXTIN VISION\\Bloocube\\Bloocube-frontend\\src\\app\\auth\\youtube"
2025-10-07T05:13:40.545926Z  INFO get_globs:scan_sources: tailwindcss_oxide::scanner: Discovering "C:\\Users\\anand\\Documents\\NEXTIN VISION\\Bloocube\\Bloocube-frontend\\src\\app\\auth\\youtube\\callback"
2025-10-07T05:13:40.546278Z  INFO get_globs:scan_sources: tailwindcss_oxide::scanner: Discovering "C:\\Users\\anand\\Documents\\NEXTIN VISION\\Bloocube\\Bloocube-frontend\\src\\app\\privacy"
2025-10-07T05:13:40.546433Z  INFO get_globs:scan_sources: tailwindcss_oxide::scanner: Discovering "C:\\Users\\anand\\Documents\\NEXTIN VISION\\Bloocube\\Bloocube-frontend\\src\\app\\reset-password"
2025-10-07T05:13:40.546519Z  INFO get_globs:scan_sources: tailwindcss_oxide::scanner: Discovering "C:\\Users\\anand\\Documents\\NEXTIN VISION\\Bloocube\\Bloocube-frontend\\src\\app\\reset-password\\[token]"
2025-10-07T05:13:40.546642Z  INFO get_globs:scan_sources: tailwindcss_oxide::scanner: Discovering "C:\\Users\\anand\\Documents\\NEXTIN VISION\\Bloocube\\Bloocube-frontend\\src\\app\\terms"
2025-10-07T05:13:40.546754Z  INFO get_globs:scan_sources: tailwindcss_oxide::scanner: Discovering "C:\\Users\\anand\\Documents\\NEXTIN VISION\\Bloocube\\Bloocube-frontend\\src\\app\\test-linkedin"
2025-10-07T05:13:40.546898Z  INFO get_globs:scan_sources: tailwindcss_oxide::scanner: Discovering "C:\\Users\\anand\\Documents\\NEXTIN VISION\\Bloocube\\Bloocube-frontend\\src\\Components"
2025-10-07T05:13:40.546989Z  INFO get_globs:scan_sources: tailwindcss_oxide::scanner: Discovering "C:\\Users\\anand\\Documents\\NEXTIN VISION\\Bloocube\\Bloocube-frontend\\src\\Components\\Creater"
2025-10-07T05:13:40.547157Z  INFO get_globs:scan_sources: tailwindcss_oxide::scanner: Discovering "C:\\Users\\anand\\Documents\\NEXTIN VISION\\Bloocube\\Bloocube-frontend\\src\\Components\\layout"
2025-10-07T05:13:40.547318Z  INFO get_globs:scan_sources: tailwindcss_oxide::scanner: Discovering "C:\\Users\\anand\\Documents\\NEXTIN VISION\\Bloocube\\Bloocube-frontend\\src\\Components\\LinkedIn"
2025-10-07T05:13:40.547474Z  INFO get_globs:scan_sources: tailwindcss_oxide::scanner: Discovering "C:\\Users\\anand\\Documents\\NEXTIN VISION\\Bloocube\\Bloocube-frontend\\src\\Components\\Twitter"
2025-10-07T05:13:40.547713Z  INFO get_globs:scan_sources: tailwindcss_oxide::scanner: Discovering "C:\\Users\\anand\\Documents\\NEXTIN VISION\\Bloocube\\Bloocube-frontend\\src\\Components\\ui"
2025-10-07T05:13:40.547900Z  INFO get_globs:scan_sources: tailwindcss_oxide::scanner: Discovering "C:\\Users\\anand\\Documents\\NEXTIN VISION\\Bloocube\\Bloocube-frontend\\src\\Components\\YouTube"
2025-10-07T05:13:40.548042Z  INFO get_globs:scan_sources: tailwindcss_oxide::scanner: Discovering "C:\\Users\\anand\\Documents\\NEXTIN VISION\\Bloocube\\Bloocube-frontend\\src\\hooks"
2025-10-07T05:13:40.548303Z  INFO get_globs:scan_sources: tailwindcss_oxide::scanner: Discovering "C:\\Users\\anand\\Documents\\NEXTIN VISION\\Bloocube\\Bloocube-frontend\\src\\lib"
2025-10-07T05:13:40.548624Z  INFO get_globs:scan_sources: tailwindcss_oxide::scanner: Discovering "C:\\Users\\anand\\Documents\\NEXTIN VISION\\Bloocube\\Bloocube-frontend\\src\\store"
2025-10-07T05:13:40.548831Z  INFO get_globs:scan_sources: tailwindcss_oxide::scanner: Discovering "C:\\Users\\anand\\Documents\\NEXTIN VISION\\Bloocube\\Bloocube-frontend\\src\\types"
2025-10-07T05:13:40.549122Z  INFO get_globs:scan_sources: tailwindcss_oxide::scanner: exit
2025-10-07T05:13:40.555212Z  INFO get_globs: tailwindcss_oxide::scanner: exit
